Log file open, 12/29/18 09:40:38
LogWindows: Failed to load 'aqProf.dll' (GetLastError=126)
LogWindows: File 'aqProf.dll' does not exist
LogWindows: Failed to load 'VtuneApi.dll' (GetLastError=126)
LogWindows: File 'VtuneApi.dll' does not exist
LogWindows: Failed to load 'VtuneApi32e.dll' (GetLastError=126)
LogWindows: File 'VtuneApi32e.dll' does not exist
LogConsoleResponse: Display: Failed to find resolution value strings in scalability ini. Falling back to default.
LogInit: Display: Running engine for game: LevelDesignProject
LogPakFile: Registered encryption key '00000000000000000000000000000000': 0 pak files mounted, 0 remain pending
LogPlatformFile: Not using cached read wrapper
LogTaskGraph: Started task graph with 5 named threads and 23 total threads with 3 sets of task threads.
LogStats: Stats thread started at 0.295371
LogD3D11RHI: Loaded GFSDK_Aftermath_Lib.x64.dll
LogICUInternationalization: ICU TimeZone Detection - Raw Offset: -6:00, Platform Override: ''
LogPluginManager: Mounting plugin Paper2D
LogPluginManager: Mounting plugin AISupport
LogPluginManager: Mounting plugin LightPropagationVolume
LogPluginManager: Mounting plugin ActorLayerUtilities
LogPluginManager: Mounting plugin CLionSourceCodeAccess
LogPluginManager: Mounting plugin CodeLiteSourceCodeAccess
LogPluginManager: Mounting plugin GitSourceControl
LogPluginManager: Mounting plugin KDevelopSourceCodeAccess
LogPluginManager: Mounting plugin NullSourceCodeAccess
LogPluginManager: Mounting plugin PerforceSourceControl
LogPluginManager: Mounting plugin SubversionSourceControl
LogPluginManager: Mounting plugin UObjectPlugin
LogPluginManager: Mounting plugin VisualStudioCodeSourceCodeAccess
LogPluginManager: Mounting plugin VisualStudioSourceCodeAccess
LogPluginManager: Mounting plugin XCodeSourceCodeAccess
LogPluginManager: Mounting plugin AssetManagerEditor
LogPluginManager: Mounting plugin CryptoKeys
LogPluginManager: Mounting plugin DataValidation
LogPluginManager: Mounting plugin FacialAnimation
LogPluginManager: Mounting plugin GameplayTagsEditor
LogPluginManager: Mounting plugin MacGraphicsSwitching
LogPluginManager: Mounting plugin MeshEditor
LogPluginManager: Mounting plugin MobileLauncherProfileWizard
LogPluginManager: Mounting plugin PluginBrowser
LogPluginManager: Mounting plugin SpeedTreeImporter
LogPluginManager: Mounting plugin DatasmithContent
LogPluginManager: Mounting plugin VariantManagerContent
LogPluginManager: Mounting plugin AlembicImporter
LogPluginManager: Mounting plugin AppleImageUtils
LogPluginManager: Mounting plugin AppleVision
LogPluginManager: Mounting plugin BackChannel
LogPluginManager: Mounting plugin CharacterAI
LogPluginManager: Mounting plugin GeometryCache
LogPluginManager: Mounting plugin HTML5Networking
LogPluginManager: Mounting plugin ProxyLODPlugin
LogPluginManager: Mounting plugin MagicLeap
LogPluginManager: Mounting plugin MagicLeapMedia
LogPluginManager: Mounting plugin AndroidMedia
LogPluginManager: Mounting plugin AvfMedia
LogPluginManager: Mounting plugin ImgMedia
LogPluginManager: Mounting plugin LinearTimecode
LogPluginManager: Mounting plugin MediaCompositing
LogPluginManager: Mounting plugin MediaPlayerEditor
LogPluginManager: Mounting plugin WebMMedia
LogPluginManager: Mounting plugin WmfMedia
LogPluginManager: Mounting plugin TcpMessaging
LogPluginManager: Mounting plugin UdpMessaging
LogPluginManager: Mounting plugin ActorSequence
LogPluginManager: Mounting plugin LevelSequenceEditor
LogPluginManager: Mounting plugin MatineeToLevelSequence
LogPluginManager: Mounting plugin NetcodeUnitTest
LogPluginManager: Mounting plugin NUTUnrealEngine4
LogPluginManager: Mounting plugin OnlineSubsystemGooglePlay
LogPluginManager: Mounting plugin OnlineSubsystemIOS
LogPluginManager: Mounting plugin OnlineSubsystem
LogPluginManager: Mounting plugin OnlineSubsystemNull
LogPluginManager: Mounting plugin OnlineSubsystemUtils
LogPluginManager: Mounting plugin LauncherChunkInstaller
LogPluginManager: Mounting plugin AndroidDeviceProfileSelector
LogPluginManager: Mounting plugin AndroidMoviePlayer
LogPluginManager: Mounting plugin AndroidPermission
LogPluginManager: Mounting plugin AppleMoviePlayer
LogPluginManager: Mounting plugin ArchVisCharacter
LogPluginManager: Mounting plugin AudioCapture
LogPluginManager: Mounting plugin CableComponent
LogPluginManager: Mounting plugin CustomMeshComponent
LogPluginManager: Mounting plugin EditableMesh
LogPluginManager: Mounting plugin ExampleDeviceProfileSelector
LogPluginManager: Mounting plugin Firebase
LogPluginManager: Mounting plugin GoogleCloudMessaging
LogPluginManager: Mounting plugin IOSDeviceProfileSelector
LogPluginManager: Mounting plugin LinuxDeviceProfileSelector
LogPluginManager: Mounting plugin LocationServicesBPLibrary
LogPluginManager: Mounting plugin MobilePatchingUtils
LogPluginManager: Mounting plugin OculusVR
LogPluginManager: Mounting plugin PhysXVehicles
LogPluginManager: Mounting plugin ProceduralMeshComponent
LogPluginManager: Mounting plugin RuntimePhysXCooking
LogPluginManager: Mounting plugin SteamVR
LogPluginManager: Mounting plugin WebMMoviePlayer
LogPluginManager: Mounting plugin WindowsMoviePlayer
LogStreaming: Display: Took  0.070s to configure plugins.
LogInit: Using libcurl 7.55.1-DEV
LogInit:  - built for x86_64-pc-win32
LogInit:  - supports SSL with OpenSSL/1.0.2h
LogInit:  - supports HTTP deflate (compression) using libz 1.2.8
LogInit:  - other features:
LogInit:      CURL_VERSION_SSL
LogInit:      CURL_VERSION_LIBZ
LogInit:      CURL_VERSION_IPV6
LogInit:      CURL_VERSION_ASYNCHDNS
LogInit:      CURL_VERSION_LARGEFILE
LogInit:      CURL_VERSION_IDN
LogInit:  CurlRequestOptions (configurable via config and command line):
LogInit:  - bVerifyPeer = true  - Libcurl will verify peer certificate
LogInit:  - bUseHttpProxy = false  - Libcurl will NOT use HTTP proxy
LogInit:  - bDontReuseConnections = false  - Libcurl will reuse connections
LogInit:  - MaxHostConnections = 16  - Libcurl will limit the number of connections to a host
LogInit:  - LocalHostAddr = Default
LogInit:  - BufferSize = 65536
LogInit: WinSock: version 1.1 (2.2), MaxSocks=32767, MaxUdp=65467
LogInit: Build: ++UE4+Release-4.21-CL-4613538
LogInit: Engine Version: 4.21.1-4613538+++UE4+Release-4.21
LogInit: Compatible Engine Version: 4.21.0-4541578+++UE4+Release-4.21
LogInit: Net CL: 4541578
LogInit: OS: Windows 10 (), CPU: Intel(R) Core(TM) i7-8550U CPU @ 1.80GHz, GPU: Intel(R) UHD Graphics 620
LogInit: Compiled (64-bit): Nov 30 2018 04:13:25
LogInit: Compiled with Visual C++: 19.13.26129.00
LogInit: Build Configuration: Development
LogInit: Branch Name: ++UE4+Release-4.21
LogInit: Command Line:  -EpicPortal -epicusername=brow2545 -epicuserid=adb1be382dd745f493d436fcad2eb62a -epiclocale=en-US
LogInit: Base Directory: C:/Program Files/Epic Games/UE_4.21/Engine/Binaries/Win64/
LogInit: Installed Engine Build: 1
LogDevObjectVersion: Number of dev versions registered: 22
LogDevObjectVersion:   Dev-Blueprints (B0D832E4-1F89-4F0D-ACCF-7EB736FD4AA2): 10
LogDevObjectVersion:   Dev-Build (E1C64328-A22C-4D53-A36C-8E866417BD8C): 0
LogDevObjectVersion:   Dev-Core (375EC13C-06E4-48FB-B500-84F0262A717E): 2
LogDevObjectVersion:   Dev-Editor (E4B068ED-F494-42E9-A231-DA0B2E46BB41): 26
LogDevObjectVersion:   Dev-Framework (CFFC743F-43B0-4480-9391-14DF171D2073): 34
LogDevObjectVersion:   Dev-Mobile (B02B49B5-BB20-44E9-A304-32B752E40360): 2
LogDevObjectVersion:   Dev-Networking (A4E4105C-59A1-49B5-A7C5-40C4547EDFEE): 0
LogDevObjectVersion:   Dev-Online (39C831C9-5AE6-47DC-9A44-9C173E1C8E7C): 0
LogDevObjectVersion:   Dev-Physics (78F01B33-EBEA-4F98-B9B4-84EACCB95AA2): 0
LogDevObjectVersion:   Dev-Platform (6631380F-2D4D-43E0-8009-CF276956A95A): 0
LogDevObjectVersion:   Dev-Rendering (12F88B9F-8875-4AFC-A67C-D90C383ABD29): 27
LogDevObjectVersion:   Dev-Sequencer (7B5AE74C-D270-4C10-A958-57980B212A5A): 9
LogDevObjectVersion:   Dev-VR (D7296918-1DD6-4BDD-9DE2-64A83CC13884): 2
LogDevObjectVersion:   Dev-LoadTimes (C2A15278-BFE7-4AFE-6C17-90FF531DF755): 1
LogDevObjectVersion:   Private-Geometry (6EACA3D4-40EC-4CC1-B786-8BED09428FC5): 3
LogDevObjectVersion:   Dev-AnimPhys (29E575DD-E0A3-4627-9D10-D276232CDCEA): 17
LogDevObjectVersion:   Dev-Anim (AF43A65D-7FD3-4947-9873-3E8ED9C1BB05): 2
LogDevObjectVersion:   Dev-ReflectionCapture (6B266CEC-1EC7-4B8F-A30B-E4D90942FC07): 1
LogDevObjectVersion:   Dev-Automation (0DF73D61-A23F-47EA-B727-89E90C41499A): 1
LogDevObjectVersion:   FortniteMain (601D1886-AC64-4F84-AA16-D3DE0DEAC7D6): 17
LogDevObjectVersion:   Dev-Enterprise (9DFFBCD6-494F-0158-E221-12823C92A888): 4
LogDevObjectVersion:   Dev-Niagara (F2AED0AC-9AFE-416F-8664-AA7FFA26D6FC): 1
LogStreaming: Display: Took  0.000s to delete old logs.
LogInit: Presizing for max 8388607 objects, including 0 objects not considered by GC, pre-allocating 0 bytes for permanent pool.
LogInit: Object subsystem initialized
LogConfig: Setting CVar [[con.DebugEarlyDefault:1]]
LogConfig: Setting CVar [[r.setres:1280x720]]
[2018.12.29-15.40.38:731][  0]LogConfig: Setting CVar [[r.VSync:0]]
[2018.12.29-15.40.38:731][  0]LogConfig: Setting CVar [[r.RHICmdBypass:0]]
[2018.12.29-15.40.38:731][  0]LogConfig: Applying CVar settings from Section [/Script/Engine.RendererSettings] File [C:/Users/hp/Documents/UE4/LevelDesign/LevelDesignProject/Saved/Config/Windows/Engine.ini]
[2018.12.29-15.40.38:731][  0]LogConfig: Setting CVar [[r.GPUCrashDebugging:0]]
[2018.12.29-15.40.38:731][  0]LogConfig: Applying CVar settings from Section [/Script/Engine.RendererOverrideSettings] File [C:/Users/hp/Documents/UE4/LevelDesign/LevelDesignProject/Saved/Config/Windows/Engine.ini]
[2018.12.29-15.40.38:731][  0]LogConfig: Applying CVar settings from Section [/Script/Engine.StreamingSettings] File [C:/Users/hp/Documents/UE4/LevelDesign/LevelDesignProject/Saved/Config/Windows/Engine.ini]
[2018.12.29-15.40.38:731][  0]LogConfig: Setting CVar [[s.MinBulkDataSizeForAsyncLoading:131072]]
[2018.12.29-15.40.38:731][  0]LogConfig: Setting CVar [[s.AsyncLoadingThreadEnabled:0]]
[2018.12.29-15.40.38:731][  0]LogConfig: Setting CVar [[s.EventDrivenLoaderEnabled:1]]
[2018.12.29-15.40.38:731][  0]LogConfig: Setting CVar [[s.WarnIfTimeLimitExceeded:0]]
[2018.12.29-15.40.38:731][  0]LogConfig: Setting CVar [[s.TimeLimitExceededMultiplier:1.5]]
[2018.12.29-15.40.38:731][  0]LogConfig: Setting CVar [[s.TimeLimitExceededMinTime:0.005]]
[2018.12.29-15.40.38:731][  0]LogConfig: Setting CVar [[s.UseBackgroundLevelStreaming:1]]
[2018.12.29-15.40.38:732][  0]LogConfig: Setting CVar [[s.PriorityAsyncLoadingExtraTime:15.0]]
[2018.12.29-15.40.38:732][  0]LogConfig: Setting CVar [[s.LevelStreamingActorsUpdateTimeLimit:5.0]]
[2018.12.29-15.40.38:732][  0]LogConfig: Setting CVar [[s.PriorityLevelStreamingActorsUpdateExtraTime:5.0]]
[2018.12.29-15.40.38:732][  0]LogConfig: Setting CVar [[s.LevelStreamingComponentsRegistrationGranularity:10]]
[2018.12.29-15.40.38:732][  0]LogConfig: Setting CVar [[s.UnregisterComponentsTimeLimit:1.0]]
[2018.12.29-15.40.38:732][  0]LogConfig: Setting CVar [[s.LevelStreamingComponentsUnregistrationGranularity:5]]
[2018.12.29-15.40.38:732][  0]LogConfig: Applying CVar settings from Section [/Script/Engine.GarbageCollectionSettings] File [C:/Users/hp/Documents/UE4/LevelDesign/LevelDesignProject/Saved/Config/Windows/Engine.ini]
[2018.12.29-15.40.38:732][  0]LogConfig: Setting CVar [[gc.MaxObjectsNotConsideredByGC:1]]
[2018.12.29-15.40.38:732][  0]LogConfig: Setting CVar [[gc.SizeOfPermanentObjectPool:0]]
[2018.12.29-15.40.38:732][  0]LogConfig: Setting CVar [[gc.FlushStreamingOnGC:0]]
[2018.12.29-15.40.38:732][  0]LogConfig: Setting CVar [[gc.NumRetriesBeforeForcingGC:10]]
[2018.12.29-15.40.38:732][  0]LogConfig: Setting CVar [[gc.AllowParallelGC:1]]
[2018.12.29-15.40.38:732][  0]LogConfig: Setting CVar [[gc.TimeBetweenPurgingPendingKillObjects:61.1]]
[2018.12.29-15.40.38:732][  0]LogConfig: Setting CVar [[gc.MaxObjectsInEditor:8388607]]
[2018.12.29-15.40.38:732][  0]LogConfig: Setting CVar [[gc.IncrementalBeginDestroyEnabled:1]]
[2018.12.29-15.40.38:732][  0]LogConfig: Setting CVar [[gc.CreateGCClusters:1]]
[2018.12.29-15.40.38:732][  0]LogConfig: Setting CVar [[gc.MergeGCClusters:0]]
[2018.12.29-15.40.38:732][  0]LogConfig: Setting CVar [[gc.MinGCClusterSize:5]]
[2018.12.29-15.40.38:732][  0]LogConfig: Setting CVar [[gc.ActorClusteringEnabled:0]]
[2018.12.29-15.40.38:732][  0]LogConfig: Setting CVar [[gc.BlueprintClusteringEnabled:0]]
[2018.12.29-15.40.38:732][  0]LogConfig: Setting CVar [[gc.UseDisregardForGCOnDedicatedServers:0]]
[2018.12.29-15.40.38:732][  0]LogConfig: Applying CVar settings from Section [/Script/Engine.NetworkSettings] File [C:/Users/hp/Documents/UE4/LevelDesign/LevelDesignProject/Saved/Config/Windows/Engine.ini]
[2018.12.29-15.40.38:732][  0]LogConfig: Applying CVar settings from Section [/Script/UnrealEd.CookerSettings] File [C:/Users/hp/Documents/UE4/LevelDesign/LevelDesignProject/Saved/Config/Windows/Engine.ini]
[2018.12.29-15.40.38:734][  0]LogConfig: Applying CVar settings from Section [ViewDistanceQuality@3] File [C:/Users/hp/Documents/UE4/LevelDesign/LevelDesignProject/Saved/Config/Windows/Scalability.ini]
[2018.12.29-15.40.38:734][  0]LogConfig: Setting CVar [[r.SkeletalMeshLODBias:0]]
[2018.12.29-15.40.38:734][  0]LogConfig: Setting CVar [[r.ViewDistanceScale:1.0]]
[2018.12.29-15.40.38:734][  0]LogConfig: Applying CVar settings from Section [AntiAliasingQuality@3] File [C:/Users/hp/Documents/UE4/LevelDesign/LevelDesignProject/Saved/Config/Windows/Scalability.ini]
[2018.12.29-15.40.38:734][  0]LogConfig: Setting CVar [[r.PostProcessAAQuality:4]]
[2018.12.29-15.40.38:734][  0]LogConfig: Applying CVar settings from Section [ShadowQuality@3] File [C:/Users/hp/Documents/UE4/LevelDesign/LevelDesignProject/Saved/Config/Windows/Scalability.ini]
[2018.12.29-15.40.38:734][  0]LogConfig: Setting CVar [[r.LightFunctionQuality:1]]
[2018.12.29-15.40.38:734][  0]LogConfig: Setting CVar [[r.ShadowQuality:5]]
[2018.12.29-15.40.38:734][  0]LogConfig: Setting CVar [[r.Shadow.CSM.MaxCascades:10]]
[2018.12.29-15.40.38:734][  0]LogConfig: Setting CVar [[r.Shadow.MaxResolution:2048]]
[2018.12.29-15.40.38:734][  0]LogConfig: Setting CVar [[r.Shadow.MaxCSMResolution:2048]]
[2018.12.29-15.40.38:734][  0]LogConfig: Setting CVar [[r.Shadow.RadiusThreshold:0.01]]
[2018.12.29-15.40.38:734][  0]LogConfig: Setting CVar [[r.Shadow.DistanceScale:1.0]]
[2018.12.29-15.40.38:734][  0]LogConfig: Setting CVar [[r.Shadow.CSM.TransitionScale:1.0]]
[2018.12.29-15.40.38:734][  0]LogConfig: Setting CVar [[r.Shadow.PreShadowResolutionFactor:1.0]]
[2018.12.29-15.40.38:734][  0]LogConfig: Setting CVar [[r.DistanceFieldShadowing:1]]
[2018.12.29-15.40.38:734][  0]LogConfig: Setting CVar [[r.DistanceFieldAO:1]]
[2018.12.29-15.40.38:734][  0]LogConfig: Setting CVar [[r.AOQuality:2]]
[2018.12.29-15.40.38:734][  0]LogConfig: Setting CVar [[r.VolumetricFog:1]]
[2018.12.29-15.40.38:734][  0]LogConfig: Setting CVar [[r.VolumetricFog.GridPixelSize:8]]
[2018.12.29-15.40.38:734][  0]LogConfig: Setting CVar [[r.VolumetricFog.GridSizeZ:128]]
[2018.12.29-15.40.38:734][  0]LogConfig: Setting CVar [[r.VolumetricFog.HistoryMissSupersampleCount:4]]
[2018.12.29-15.40.38:734][  0]LogConfig: Setting CVar [[r.LightMaxDrawDistanceScale:1]]
[2018.12.29-15.40.38:734][  0]LogConfig: Setting CVar [[r.CapsuleShadows:1]]
[2018.12.29-15.40.38:734][  0]LogConfig: Applying CVar settings from Section [PostProcessQuality@3] File [C:/Users/hp/Documents/UE4/LevelDesign/LevelDesignProject/Saved/Config/Windows/Scalability.ini]
[2018.12.29-15.40.38:734][  0]LogConfig: Setting CVar [[r.MotionBlurQuality:4]]
[2018.12.29-15.40.38:734][  0]LogConfig: Setting CVar [[r.AmbientOcclusionMipLevelFactor:0.4]]
[2018.12.29-15.40.38:734][  0]LogConfig: Setting CVar [[r.AmbientOcclusionMaxQuality:100]]
[2018.12.29-15.40.38:734][  0]LogConfig: Setting CVar [[r.AmbientOcclusionLevels:-1]]
[2018.12.29-15.40.38:734][  0]LogConfig: Setting CVar [[r.AmbientOcclusionRadiusScale:1.0]]
[2018.12.29-15.40.38:734][  0]LogConfig: Setting CVar [[r.DepthOfFieldQuality:2]]
[2018.12.29-15.40.38:734][  0]LogConfig: Setting CVar [[r.RenderTargetPoolMin:400]]
[2018.12.29-15.40.38:734][  0]LogConfig: Setting CVar [[r.LensFlareQuality:2]]
[2018.12.29-15.40.38:734][  0]LogConfig: Setting CVar [[r.SceneColorFringeQuality:1]]
[2018.12.29-15.40.38:735][  0]LogConfig: Setting CVar [[r.EyeAdaptationQuality:2]]
[2018.12.29-15.40.38:735][  0]LogConfig: Setting CVar [[r.BloomQuality:5]]
[2018.12.29-15.40.38:735][  0]LogConfig: Setting CVar [[r.FastBlurThreshold:100]]
[2018.12.29-15.40.38:735][  0]LogConfig: Setting CVar [[r.Upscale.Quality:3]]
[2018.12.29-15.40.38:735][  0]LogConfig: Setting CVar [[r.Tonemapper.GrainQuantization:1]]
[2018.12.29-15.40.38:735][  0]LogConfig: Setting CVar [[r.LightShaftQuality:1]]
[2018.12.29-15.40.38:735][  0]LogConfig: Setting CVar [[r.Filter.SizeScale:1]]
[2018.12.29-15.40.38:735][  0]LogConfig: Setting CVar [[r.Tonemapper.Quality:5]]
[2018.12.29-15.40.38:735][  0]LogConfig: Setting CVar [[r.DOF.Gather.AccumulatorQuality:1        ; higher gathering accumulator quality]]
[2018.12.29-15.40.38:735][  0]LogConfig: Setting CVar [[r.DOF.Gather.PostfilterMethod:1          ; Median3x3 postfilering method]]
[2018.12.29-15.40.38:735][  0]LogConfig: Setting CVar [[r.DOF.Gather.EnableBokehSettings:0       ; no bokeh simulation when gathering]]
[2018.12.29-15.40.38:735][  0]LogConfig: Setting CVar [[r.DOF.Gather.RingCount:4                 ; medium number of samples when gathering]]
[2018.12.29-15.40.38:735][  0]LogConfig: Setting CVar [[r.DOF.Scatter.ForegroundCompositing:1    ; additive foreground scattering]]
[2018.12.29-15.40.38:735][  0]LogConfig: Setting CVar [[r.DOF.Scatter.BackgroundCompositing:2    ; additive background scattering]]
[2018.12.29-15.40.38:735][  0]LogConfig: Setting CVar [[r.DOF.Scatter.EnableBokehSettings:1      ; bokeh simulation when scattering]]
[2018.12.29-15.40.38:735][  0]LogConfig: Setting CVar [[r.DOF.Scatter.MaxSpriteRatio:0.1         ; only a maximum of 10% of scattered bokeh]]
[2018.12.29-15.40.38:735][  0]LogConfig: Setting CVar [[r.DOF.Recombine.Quality:1                ; cheap slight out of focus]]
[2018.12.29-15.40.38:735][  0]LogConfig: Setting CVar [[r.DOF.Recombine.EnableBokehSettings:0    ; no bokeh simulation on slight out of focus]]
[2018.12.29-15.40.38:735][  0]LogConfig: Setting CVar [[r.DOF.TemporalAAQuality:1                ; more stable temporal accumulation]]
[2018.12.29-15.40.38:735][  0]LogConfig: Setting CVar [[r.DOF.Kernel.MaxForegroundRadius:0.025]]
[2018.12.29-15.40.38:735][  0]LogConfig: Setting CVar [[r.DOF.Kernel.MaxBackgroundRadius:0.025]]
[2018.12.29-15.40.38:735][  0]LogConfig: Applying CVar settings from Section [TextureQuality@3] File [C:/Users/hp/Documents/UE4/LevelDesign/LevelDesignProject/Saved/Config/Windows/Scalability.ini]
[2018.12.29-15.40.38:735][  0]LogConfig: Setting CVar [[r.Streaming.MipBias:0]]
[2018.12.29-15.40.38:735][  0]LogConfig: Setting CVar [[r.Streaming.AmortizeCPUToGPUCopy:0]]
[2018.12.29-15.40.38:735][  0]LogConfig: Setting CVar [[r.Streaming.MaxNumTexturesToStreamPerFrame:0]]
[2018.12.29-15.40.38:735][  0]LogConfig: Setting CVar [[r.Streaming.Boost:1]]
[2018.12.29-15.40.38:735][  0]LogConfig: Setting CVar [[r.MaxAnisotropy:8]]
[2018.12.29-15.40.38:735][  0]LogConfig: Setting CVar [[r.Streaming.LimitPoolSizeToVRAM:0]]
[2018.12.29-15.40.38:735][  0]LogConfig: Setting CVar [[r.Streaming.PoolSize:1000]]
[2018.12.29-15.40.38:735][  0]LogConfig: Setting CVar [[r.Streaming.MaxEffectiveScreenSize:0]]
[2018.12.29-15.40.38:735][  0]LogConfig: Applying CVar settings from Section [EffectsQuality@3] File [C:/Users/hp/Documents/UE4/LevelDesign/LevelDesignProject/Saved/Config/Windows/Scalability.ini]
[2018.12.29-15.40.38:735][  0]LogConfig: Setting CVar [[r.TranslucencyLightingVolumeDim:64]]
[2018.12.29-15.40.38:735][  0]LogConfig: Setting CVar [[r.RefractionQuality:2]]
[2018.12.29-15.40.38:735][  0]LogConfig: Setting CVar [[r.SSR.Quality:3]]
[2018.12.29-15.40.38:735][  0]LogConfig: Setting CVar [[r.SceneColorFormat:4]]
[2018.12.29-15.40.38:735][  0]LogConfig: Setting CVar [[r.DetailMode:2]]
[2018.12.29-15.40.38:735][  0]LogConfig: Setting CVar [[r.TranslucencyVolumeBlur:1]]
[2018.12.29-15.40.38:735][  0]LogConfig: Setting CVar [[r.MaterialQualityLevel:1 ; High quality]]
[2018.12.29-15.40.38:735][  0]LogConfig: Setting CVar [[r.SSS.Scale:1]]
[2018.12.29-15.40.38:735][  0]LogConfig: Setting CVar [[r.SSS.SampleSet:2]]
[2018.12.29-15.40.38:735][  0]LogConfig: Setting CVar [[r.SSS.Quality:1]]
[2018.12.29-15.40.38:735][  0]LogConfig: Setting CVar [[r.SSS.HalfRes:1]]
[2018.12.29-15.40.38:735][  0]LogConfig: Setting CVar [[r.EmitterSpawnRateScale:1.0]]
[2018.12.29-15.40.38:735][  0]LogConfig: Setting CVar [[r.ParticleLightQuality:2]]
[2018.12.29-15.40.38:735][  0]LogConfig: Applying CVar settings from Section [FoliageQuality@3] File [C:/Users/hp/Documents/UE4/LevelDesign/LevelDesignProject/Saved/Config/Windows/Scalability.ini]
[2018.12.29-15.40.38:735][  0]LogConfig: Setting CVar [[foliage.DensityScale:1.0]]
[2018.12.29-15.40.38:735][  0]LogConfig: Setting CVar [[grass.DensityScale:1.0]]
[2018.12.29-15.40.38:735][  0]LogInit: Selected Device Profile: [Windows]
[2018.12.29-15.40.38:735][  0]LogInit: Applying CVar settings loaded from the selected device profile: [Windows]
[2018.12.29-15.40.38:749][  0]LogHAL: Display: Platform has ~ 16 GB [17013760000 / 17179869184 / 16], which maps to Larger [LargestMinGB=32, LargerMinGB=12, DefaultMinGB=8, SmallerMinGB=6, SmallestMinGB=0)
[2018.12.29-15.40.38:749][  0]LogConfig: Setting CVar [[r.Vulkan.UseRealUBs:1]]
[2018.12.29-15.40.38:749][  0]LogInit: Going up to parent DeviceProfile []
[2018.12.29-15.40.38:749][  0]LogConfig: Applying CVar settings from Section [ViewDistanceQuality@3] File [C:/Users/hp/Documents/UE4/LevelDesign/LevelDesignProject/Saved/Config/Windows/Scalability.ini]
[2018.12.29-15.40.38:749][  0]LogConfig: Setting CVar [[r.SkeletalMeshLODBias:0]]
[2018.12.29-15.40.38:749][  0]LogConfig: Setting CVar [[r.ViewDistanceScale:1.0]]
[2018.12.29-15.40.38:749][  0]LogConfig: Applying CVar settings from Section [AntiAliasingQuality@3] File [C:/Users/hp/Documents/UE4/LevelDesign/LevelDesignProject/Saved/Config/Windows/Scalability.ini]
[2018.12.29-15.40.38:749][  0]LogConfig: Setting CVar [[r.PostProcessAAQuality:4]]
[2018.12.29-15.40.38:749][  0]LogConfig: Applying CVar settings from Section [ShadowQuality@3] File [C:/Users/hp/Documents/UE4/LevelDesign/LevelDesignProject/Saved/Config/Windows/Scalability.ini]
[2018.12.29-15.40.38:749][  0]LogConfig: Setting CVar [[r.LightFunctionQuality:1]]
[2018.12.29-15.40.38:749][  0]LogConfig: Setting CVar [[r.ShadowQuality:5]]
[2018.12.29-15.40.38:749][  0]LogConfig: Setting CVar [[r.Shadow.CSM.MaxCascades:10]]
[2018.12.29-15.40.38:749][  0]LogConfig: Setting CVar [[r.Shadow.MaxResolution:2048]]
[2018.12.29-15.40.38:749][  0]LogConfig: Setting CVar [[r.Shadow.MaxCSMResolution:2048]]
[2018.12.29-15.40.38:749][  0]LogConfig: Setting CVar [[r.Shadow.RadiusThreshold:0.01]]
[2018.12.29-15.40.38:749][  0]LogConfig: Setting CVar [[r.Shadow.DistanceScale:1.0]]
[2018.12.29-15.40.38:749][  0]LogConfig: Setting CVar [[r.Shadow.CSM.TransitionScale:1.0]]
[2018.12.29-15.40.38:749][  0]LogConfig: Setting CVar [[r.Shadow.PreShadowResolutionFactor:1.0]]
[2018.12.29-15.40.38:749][  0]LogConfig: Setting CVar [[r.DistanceFieldShadowing:1]]
[2018.12.29-15.40.38:749][  0]LogConfig: Setting CVar [[r.DistanceFieldAO:1]]
[2018.12.29-15.40.38:749][  0]LogConfig: Setting CVar [[r.AOQuality:2]]
[2018.12.29-15.40.38:749][  0]LogConfig: Setting CVar [[r.VolumetricFog:1]]
[2018.12.29-15.40.38:749][  0]LogConfig: Setting CVar [[r.VolumetricFog.GridPixelSize:8]]
[2018.12.29-15.40.38:749][  0]LogConfig: Setting CVar [[r.VolumetricFog.GridSizeZ:128]]
[2018.12.29-15.40.38:749][  0]LogConfig: Setting CVar [[r.VolumetricFog.HistoryMissSupersampleCount:4]]
[2018.12.29-15.40.38:749][  0]LogConfig: Setting CVar [[r.LightMaxDrawDistanceScale:1]]
[2018.12.29-15.40.38:749][  0]LogConfig: Setting CVar [[r.CapsuleShadows:1]]
[2018.12.29-15.40.38:749][  0]LogConfig: Applying CVar settings from Section [PostProcessQuality@3] File [C:/Users/hp/Documents/UE4/LevelDesign/LevelDesignProject/Saved/Config/Windows/Scalability.ini]
[2018.12.29-15.40.38:749][  0]LogConfig: Setting CVar [[r.MotionBlurQuality:4]]
[2018.12.29-15.40.38:749][  0]LogConfig: Setting CVar [[r.AmbientOcclusionMipLevelFactor:0.4]]
[2018.12.29-15.40.38:749][  0]LogConfig: Setting CVar [[r.AmbientOcclusionMaxQuality:100]]
[2018.12.29-15.40.38:749][  0]LogConfig: Setting CVar [[r.AmbientOcclusionLevels:-1]]
[2018.12.29-15.40.38:749][  0]LogConfig: Setting CVar [[r.AmbientOcclusionRadiusScale:1.0]]
[2018.12.29-15.40.38:749][  0]LogConfig: Setting CVar [[r.DepthOfFieldQuality:2]]
[2018.12.29-15.40.38:749][  0]LogConfig: Setting CVar [[r.RenderTargetPoolMin:400]]
[2018.12.29-15.40.38:749][  0]LogConfig: Setting CVar [[r.LensFlareQuality:2]]
[2018.12.29-15.40.38:749][  0]LogConfig: Setting CVar [[r.SceneColorFringeQuality:1]]
[2018.12.29-15.40.38:749][  0]LogConfig: Setting CVar [[r.EyeAdaptationQuality:2]]
[2018.12.29-15.40.38:749][  0]LogConfig: Setting CVar [[r.BloomQuality:5]]
[2018.12.29-15.40.38:749][  0]LogConfig: Setting CVar [[r.FastBlurThreshold:100]]
[2018.12.29-15.40.38:750][  0]LogConfig: Setting CVar [[r.Upscale.Quality:3]]
[2018.12.29-15.40.38:750][  0]LogConfig: Setting CVar [[r.Tonemapper.GrainQuantization:1]]
[2018.12.29-15.40.38:750][  0]LogConfig: Setting CVar [[r.LightShaftQuality:1]]
[2018.12.29-15.40.38:750][  0]LogConfig: Setting CVar [[r.Filter.SizeScale:1]]
[2018.12.29-15.40.38:750][  0]LogConfig: Setting CVar [[r.Tonemapper.Quality:5]]
[2018.12.29-15.40.38:750][  0]LogConfig: Setting CVar [[r.DOF.Gather.AccumulatorQuality:1        ; higher gathering accumulator quality]]
[2018.12.29-15.40.38:750][  0]LogConfig: Setting CVar [[r.DOF.Gather.PostfilterMethod:1          ; Median3x3 postfilering method]]
[2018.12.29-15.40.38:750][  0]LogConfig: Setting CVar [[r.DOF.Gather.EnableBokehSettings:0       ; no bokeh simulation when gathering]]
[2018.12.29-15.40.38:750][  0]LogConfig: Setting CVar [[r.DOF.Gather.RingCount:4                 ; medium number of samples when gathering]]
[2018.12.29-15.40.38:750][  0]LogConfig: Setting CVar [[r.DOF.Scatter.ForegroundCompositing:1    ; additive foreground scattering]]
[2018.12.29-15.40.38:750][  0]LogConfig: Setting CVar [[r.DOF.Scatter.BackgroundCompositing:2    ; additive background scattering]]
[2018.12.29-15.40.38:750][  0]LogConfig: Setting CVar [[r.DOF.Scatter.EnableBokehSettings:1      ; bokeh simulation when scattering]]
[2018.12.29-15.40.38:750][  0]LogConfig: Setting CVar [[r.DOF.Scatter.MaxSpriteRatio:0.1         ; only a maximum of 10% of scattered bokeh]]
[2018.12.29-15.40.38:750][  0]LogConfig: Setting CVar [[r.DOF.Recombine.Quality:1                ; cheap slight out of focus]]
[2018.12.29-15.40.38:750][  0]LogConfig: Setting CVar [[r.DOF.Recombine.EnableBokehSettings:0    ; no bokeh simulation on slight out of focus]]
[2018.12.29-15.40.38:750][  0]LogConfig: Setting CVar [[r.DOF.TemporalAAQuality:1                ; more stable temporal accumulation]]
[2018.12.29-15.40.38:750][  0]LogConfig: Setting CVar [[r.DOF.Kernel.MaxForegroundRadius:0.025]]
[2018.12.29-15.40.38:750][  0]LogConfig: Setting CVar [[r.DOF.Kernel.MaxBackgroundRadius:0.025]]
[2018.12.29-15.40.38:750][  0]LogConfig: Applying CVar settings from Section [TextureQuality@3] File [C:/Users/hp/Documents/UE4/LevelDesign/LevelDesignProject/Saved/Config/Windows/Scalability.ini]
[2018.12.29-15.40.38:750][  0]LogConfig: Setting CVar [[r.Streaming.MipBias:0]]
[2018.12.29-15.40.38:750][  0]LogConfig: Setting CVar [[r.Streaming.AmortizeCPUToGPUCopy:0]]
[2018.12.29-15.40.38:750][  0]LogConfig: Setting CVar [[r.Streaming.MaxNumTexturesToStreamPerFrame:0]]
[2018.12.29-15.40.38:750][  0]LogConfig: Setting CVar [[r.Streaming.Boost:1]]
[2018.12.29-15.40.38:750][  0]LogConfig: Setting CVar [[r.MaxAnisotropy:8]]
[2018.12.29-15.40.38:750][  0]LogConfig: Setting CVar [[r.Streaming.LimitPoolSizeToVRAM:0]]
[2018.12.29-15.40.38:750][  0]LogConfig: Setting CVar [[r.Streaming.PoolSize:1000]]
[2018.12.29-15.40.38:750][  0]LogConfig: Setting CVar [[r.Streaming.MaxEffectiveScreenSize:0]]
[2018.12.29-15.40.38:750][  0]LogConfig: Applying CVar settings from Section [EffectsQuality@3] File [C:/Users/hp/Documents/UE4/LevelDesign/LevelDesignProject/Saved/Config/Windows/Scalability.ini]
[2018.12.29-15.40.38:750][  0]LogConfig: Setting CVar [[r.TranslucencyLightingVolumeDim:64]]
[2018.12.29-15.40.38:750][  0]LogConfig: Setting CVar [[r.RefractionQuality:2]]
[2018.12.29-15.40.38:750][  0]LogConfig: Setting CVar [[r.SSR.Quality:3]]
[2018.12.29-15.40.38:750][  0]LogConfig: Setting CVar [[r.SceneColorFormat:4]]
[2018.12.29-15.40.38:750][  0]LogConfig: Setting CVar [[r.DetailMode:2]]
[2018.12.29-15.40.38:750][  0]LogConfig: Setting CVar [[r.TranslucencyVolumeBlur:1]]
[2018.12.29-15.40.38:750][  0]LogConfig: Setting CVar [[r.MaterialQualityLevel:1 ; High quality]]
[2018.12.29-15.40.38:750][  0]LogConfig: Setting CVar [[r.SSS.Scale:1]]
[2018.12.29-15.40.38:750][  0]LogConfig: Setting CVar [[r.SSS.SampleSet:2]]
[2018.12.29-15.40.38:750][  0]LogConfig: Setting CVar [[r.SSS.Quality:1]]
[2018.12.29-15.40.38:750][  0]LogConfig: Setting CVar [[r.SSS.HalfRes:1]]
[2018.12.29-15.40.38:750][  0]LogConfig: Setting CVar [[r.EmitterSpawnRateScale:1.0]]
[2018.12.29-15.40.38:750][  0]LogConfig: Setting CVar [[r.ParticleLightQuality:2]]
[2018.12.29-15.40.38:750][  0]LogConfig: Applying CVar settings from Section [FoliageQuality@3] File [C:/Users/hp/Documents/UE4/LevelDesign/LevelDesignProject/Saved/Config/Windows/Scalability.ini]
[2018.12.29-15.40.38:750][  0]LogConfig: Setting CVar [[foliage.DensityScale:1.0]]
[2018.12.29-15.40.38:750][  0]LogConfig: Setting CVar [[grass.DensityScale:1.0]]
[2018.12.29-15.40.38:750][  0]LogConfig: Applying CVar settings from Section [Startup] File [../../../Engine/Config/ConsoleVariables.ini]
[2018.12.29-15.40.38:750][  0]LogConfig: Setting CVar [[net.UseAdaptiveNetUpdateFrequency:0]]
[2018.12.29-15.40.38:750][  0]LogConfig: Applying CVar settings from Section [ConsoleVariables] File [C:/Users/hp/Documents/UE4/LevelDesign/LevelDesignProject/Saved/Config/Windows/Engine.ini]
[2018.12.29-15.40.38:750][  0]LogInit: Computer: DESKTOP-EUOMKO1
[2018.12.29-15.40.38:750][  0]LogInit: User: hp
[2018.12.29-15.40.38:750][  0]LogInit: CPU Page size=4096, Cores=4
[2018.12.29-15.40.38:750][  0]LogInit: High frequency timer resolution =1.945315 MHz
[2018.12.29-15.40.38:751][  0]LogMemory: Memory total: Physical=15.8GB (16GB approx)
[2018.12.29-15.40.38:751][  0]LogMemory: Platform Memory Stats for Windows
[2018.12.29-15.40.38:751][  0]LogMemory: Process Physical Memory: 103.57 MB used, 103.57 MB peak
[2018.12.29-15.40.38:751][  0]LogMemory: Process Virtual Memory: 89.84 MB used, 89.84 MB peak
[2018.12.29-15.40.38:751][  0]LogMemory: Physical Memory: 6583.03 MB used,  9642.55 MB free, 16225.59 MB total
[2018.12.29-15.40.38:751][  0]LogMemory: Virtual Memory: 4651.12 MB used,  134213080.00 MB free, 134217728.00 MB total
[2018.12.29-15.40.38:767][  0]LogInit: Using OS detected language (en-US).
[2018.12.29-15.40.38:767][  0]LogInit: Using OS detected locale (en-US).
[2018.12.29-15.40.38:767][  0]LogTextLocalizationManager: No specific localization for 'en-US' exists, so the 'en' localization will be used.
[2018.12.29-15.40.39:143][  0]LogStreaming: Display: Took  0.376s to InitEngineTextLocalization.
[2018.12.29-15.40.39:143][  0]LogInit: Setting process to per monitor DPI aware
[2018.12.29-15.40.39:179][  0]LogSlate: New Slate User Created.  User Index 0, Is Virtual User: 0
[2018.12.29-15.40.39:179][  0]LogSlate: Slate User Registered.  User Index 0, Is Virtual User: 0
[2018.12.29-15.40.39:388][  0]LogHMD: Failed to initialize OpenVR with code 110
[2018.12.29-15.40.39:388][  0]LogD3D11RHI: D3D11 adapters:
[2018.12.29-15.40.39:403][  0]LogD3D11RHI:    0. 'Intel(R) UHD Graphics 620' (Feature Level 11_0)
[2018.12.29-15.40.39:403][  0]LogD3D11RHI:       128/0/8112 MB DedicatedVideo/DedicatedSystem/SharedSystem, Outputs:1, VendorId:0x8086
[2018.12.29-15.40.39:405][  0]LogD3D11RHI:    1. 'Microsoft Basic Render Driver' (Feature Level 11_0)
[2018.12.29-15.40.39:405][  0]LogD3D11RHI:       0/0/8112 MB DedicatedVideo/DedicatedSystem/SharedSystem, Outputs:0, VendorId:0x1414
[2018.12.29-15.40.39:405][  0]LogD3D11RHI: Chosen D3D11 Adapter: 0
[2018.12.29-15.40.39:412][  0]LogD3D11RHI: Creating new Direct3DDevice
[2018.12.29-15.40.39:412][  0]LogD3D11RHI:     GPU DeviceId: 0x5917 (for the marketing name, search the web for "GPU Device Id")
[2018.12.29-15.40.39:412][  0]LogWindows: EnumDisplayDevices:
[2018.12.29-15.40.39:412][  0]LogWindows:    0. 'Intel(R) UHD Graphics 620' (P:1 D:1)
[2018.12.29-15.40.39:412][  0]LogWindows:    1. 'Intel(R) UHD Graphics 620' (P:0 D:0)
[2018.12.29-15.40.39:412][  0]LogWindows:    2. 'Intel(R) UHD Graphics 620' (P:0 D:0)
[2018.12.29-15.40.39:413][  0]LogWindows: DebugString: FoundDriverCount:3 
[2018.12.29-15.40.39:413][  0]LogD3D11RHI:     Adapter Name: Intel(R) UHD Graphics 620
[2018.12.29-15.40.39:413][  0]LogD3D11RHI:   Driver Version: 22.20.16.4771 (internal:22.20.16.4771, unified:22.20.16.4771)
[2018.12.29-15.40.39:413][  0]LogD3D11RHI:      Driver Date: 8-13-2017
[2018.12.29-15.40.39:413][  0]LogRHI: Texture pool is 1523 MB (70% of 2176 MB)
[2018.12.29-15.40.39:448][  0]LogD3D11RHI: [IntelMetricsDiscovery] Started
[2018.12.29-15.40.39:448][  0]LogD3D11RHI: Async texture creation enabled
[2018.12.29-15.40.39:453][  0]LogD3D11RHI: GPU Timing Frequency: 12.000000 (Debug: 2 0)
[2018.12.29-15.40.39:725][  0]LogTemp: Display: Loaded TP AllDesktopTargetPlatform
[2018.12.29-15.40.39:740][  0]LogTemp: Display: Loaded TP MacClientTargetPlatform
[2018.12.29-15.40.39:752][  0]LogTemp: Display: Loaded TP MacNoEditorTargetPlatform
[2018.12.29-15.40.39:765][  0]LogTemp: Display: Loaded TP MacServerTargetPlatform
[2018.12.29-15.40.39:777][  0]LogTemp: Display: Loaded TP MacTargetPlatform
[2018.12.29-15.40.39:787][  0]LogTemp: Display: Loaded TP WindowsClientTargetPlatform
[2018.12.29-15.40.39:800][  0]LogTemp: Display: Loaded TP WindowsNoEditorTargetPlatform
[2018.12.29-15.40.39:811][  0]LogTemp: Display: Loaded TP WindowsServerTargetPlatform
[2018.12.29-15.40.39:817][  0]LogTemp: Display: Loaded TP WindowsTargetPlatform
[2018.12.29-15.40.39:881][  0]LogTemp: Display: Loaded TP AndroidTargetPlatform
[2018.12.29-15.40.39:881][  0]LogTemp: Display: Loaded TP AndroidTargetPlatform
[2018.12.29-15.40.39:881][  0]LogTemp: Display: Loaded TP AndroidTargetPlatform
[2018.12.29-15.40.39:881][  0]LogTemp: Display: Loaded TP AndroidTargetPlatform
[2018.12.29-15.40.39:881][  0]LogTemp: Display: Loaded TP AndroidTargetPlatform
[2018.12.29-15.40.39:881][  0]LogTemp: Display: Loaded TP AndroidTargetPlatform
[2018.12.29-15.40.39:881][  0]LogTemp: Display: Loaded TP AndroidTargetPlatform
[2018.12.29-15.40.39:881][  0]LogTemp: Display: Loaded TP AndroidTargetPlatform
[2018.12.29-15.40.39:881][  0]LogTemp: Display: Loaded TP AndroidTargetPlatform
[2018.12.29-15.40.39:881][  0]LogTemp: Display: Loaded TP AndroidTargetPlatform
[2018.12.29-15.40.39:881][  0]LogTemp: Display: Loaded TP AndroidTargetPlatform
[2018.12.29-15.40.39:881][  0]LogTemp: Display: Loaded TP AndroidTargetPlatform
[2018.12.29-15.40.39:881][  0]LogTemp: Display: Loaded TP AndroidTargetPlatform
[2018.12.29-15.40.39:881][  0]LogTemp: Display: Loaded TP AndroidTargetPlatform
[2018.12.29-15.40.39:881][  0]LogTemp: Display: Loaded TP AndroidTargetPlatform
[2018.12.29-15.40.39:881][  0]LogTemp: Display: Loaded TP AndroidTargetPlatform
[2018.12.29-15.40.39:881][  0]LogTemp: Display: Loaded TP AndroidTargetPlatform
[2018.12.29-15.40.39:881][  0]LogTemp: Display: Loaded TP AndroidTargetPlatform
[2018.12.29-15.40.39:882][  0]LogTemp: Display: Loaded TP HTML5TargetPlatform
[2018.12.29-15.40.39:942][  0]LogTemp: Display: Loaded TP IOSTargetPlatform
[2018.12.29-15.40.39:942][  0]LogTemp: Display: Loaded TP IOSTargetPlatform
[2018.12.29-15.40.39:962][  0]LogTemp: Display: Loaded TP TVOSTargetPlatform
[2018.12.29-15.40.39:962][  0]LogTemp: Display: Loaded TP TVOSTargetPlatform
[2018.12.29-15.40.39:974][  0]LogTemp: Display: Loaded TP LinuxClientTargetPlatform
[2018.12.29-15.40.39:984][  0]LogTemp: Display: Loaded TP LinuxNoEditorTargetPlatform
[2018.12.29-15.40.39:995][  0]LogTemp: Display: Loaded TP LinuxServerTargetPlatform
[2018.12.29-15.40.40:006][  0]LogTemp: Display: Loaded TP LinuxTargetPlatform
[2018.12.29-15.40.40:045][  0]LogTemp: Display: Loaded TP LuminTargetPlatform
[2018.12.29-15.40.40:045][  0]LogTemp: Display: Loaded TP LuminTargetPlatform
[2018.12.29-15.40.40:045][  0]LogTargetPlatformManager: Display: Building Assets For Windows
[2018.12.29-15.40.40:098][  0]LogShaderCompilers: Guid format shader working directory is -28 characters bigger than the processId version (../../../../../../Users/hp/Documents/UE4/LevelDesign/LevelDesignProject/Intermediate/Shaders/WorkingDirectory/9992/).
[2018.12.29-15.40.40:098][  0]LogShaderCompilers: Cleaned the shader compiler working directory 'C:/Users/hp/AppData/Local/Temp/UnrealShaderWorkingDir/80192E9645AC46CC370C309B39FEA08B/'.
[2018.12.29-15.40.40:100][  0]LogXGEController: Cannot use XGE Controller as Incredibuild is not installed on this machine.
[2018.12.29-15.40.40:100][  0]LogShaderCompilers: Cannot use XGE Shader Compiler as Incredibuild is not installed on this machine.
[2018.12.29-15.40.40:100][  0]LogShaderCompilers: Display: Using Local Shader Compiler.
[2018.12.29-15.40.40:594][  0]LogDerivedDataCache: Display: Max Cache Size: 512 MB
[2018.12.29-15.40.40:643][  0]LogDerivedDataCache: Loaded boot cache 0.05s 86MB C:/Users/hp/AppData/Local/UnrealEngine/4.21/DerivedDataCache/Boot.ddc.
[2018.12.29-15.40.40:643][  0]LogDerivedDataCache: Display: Loaded Boot cache: C:/Users/hp/AppData/Local/UnrealEngine/4.21/DerivedDataCache/Boot.ddc
[2018.12.29-15.40.40:643][  0]LogDerivedDataCache: FDerivedDataBackendGraph:  Pak pak cache file ../../../../../../Users/hp/Documents/UE4/LevelDesign/LevelDesignProject/DerivedDataCache/DDC.ddp not found, will not use a pak cache.
[2018.12.29-15.40.40:643][  0]LogDerivedDataCache: Unable to find inner node Pak for hierarchical cache Hierarchy.
[2018.12.29-15.40.40:643][  0]LogDerivedDataCache: FDerivedDataBackendGraph:  CompressedPak pak cache file ../../../../../../Users/hp/Documents/UE4/LevelDesign/LevelDesignProject/DerivedDataCache/Compressed.ddp not found, will not use a pak cache.
[2018.12.29-15.40.40:643][  0]LogDerivedDataCache: Unable to find inner node CompressedPak for hierarchical cache Hierarchy.
[2018.12.29-15.40.40:655][  0]LogDerivedDataCache: Display: Pak cache opened for reading ../../../Engine/DerivedDataCache/Compressed.ddp.
[2018.12.29-15.40.40:655][  0]LogDerivedDataCache: FDerivedDataBackendGraph:  EnterprisePak pak cache file ../../../Enterprise/DerivedDataCache/Compressed.ddp not found, will not use a pak cache.
[2018.12.29-15.40.40:655][  0]LogDerivedDataCache: Unable to find inner node EnterprisePak for hierarchical cache Hierarchy.
[2018.12.29-15.40.40:667][  0]LogDerivedDataCache: Using Local data cache path C:/Users/hp/AppData/Local/UnrealEngine/Common/DerivedDataCache: Writable
[2018.12.29-15.40.40:667][  0]LogDerivedDataCache: Shared data cache path not found in *engine.ini, will not use an Shared cache.
[2018.12.29-15.40.40:667][  0]LogDerivedDataCache: Unable to find inner node Shared for hierarchical cache Hierarchy.
[2018.12.29-15.40.40:690][  0]LogMaterial: Verifying Global Shaders for PCD3D_SM5
[2018.12.29-15.40.40:691][  0]LogSlate: Using FreeType 2.6.0
[2018.12.29-15.40.40:692][  0]LogSlate: SlateFontServices - WITH_FREETYPE: 1, WITH_HARFBUZZ: 1
[2018.12.29-15.40.40:770][  0]LogAssetRegistry: FAssetRegistry took 0.0317 seconds to start up
[2018.12.29-15.40.41:039][  0]LogInit: Selected Device Profile: [Windows]
[2018.12.29-15.40.41:167][  0]LogSimplygon: Simplygon DLL not present - disabling.
[2018.12.29-15.40.41:170][  0]LogMeshReduction: Using SimplygonSwarm for distributed automatic mesh merging
[2018.12.29-15.40.41:170][  0]LogMeshReduction: Using ProxyLODMeshReduction for automatic mesh merging
[2018.12.29-15.40.41:170][  0]LogMeshReduction: Using QuadricMeshReduction for automatic static mesh reduction
[2018.12.29-15.40.41:170][  0]LogMeshReduction: No automatic skeletal mesh reduction module available
[2018.12.29-15.40.41:183][  0]LogNetVersion: LevelDesignProject 1.0.0, NetCL: 4541578, EngineNetVer: 5, GameNetVer: 0 (Checksum: 388894186)
[2018.12.29-15.40.41:642][  0]LogPackageLocalizationCache: Processed 11 localized package path(s) for 2 prioritized culture(s) in 0.079301 seconds
[2018.12.29-15.40.41:647][  0]LogUObjectArray: 39775 objects as part of root set at end of initial load.
[2018.12.29-15.40.41:647][  0]LogUObjectAllocator: 6914664 out of 0 bytes used by permanent object pool.
[2018.12.29-15.40.41:647][  0]LogUObjectArray: CloseDisregardForGC: 0/0 objects in disregard for GC pool
[2018.12.29-15.40.42:359][  0]LogTcpMessaging: Initializing TcpMessaging bridge
[2018.12.29-15.40.42:372][  0]LogUdpMessaging: Initializing bridge on interface 0.0.0.0:0 to multicast group 230.0.0.1:6666.
[2018.12.29-15.40.42:975][  0]SourceControl: Source control is disabled
[2018.12.29-15.40.42:975][  0]SourceControl: Source control is disabled
[2018.12.29-15.40.42:976][  0]SourceControl: Source control is disabled
[2018.12.29-15.40.42:977][  0]SourceControl: Source control is disabled
[2018.12.29-15.40.43:151][  0]LogAndroidPermission: UAndroidPermissionCallbackProxy::GetInstance
[2018.12.29-15.40.43:197][  0]LogOcInput: OculusInput pre-init called
[2018.12.29-15.40.43:339][  0]LogEngine: Initializing Engine...
[2018.12.29-15.40.43:340][  0]LogHMD: Failed to initialize OpenVR with code 110
[2018.12.29-15.40.43:340][  0]LogStats: UGameplayTagsManager::ConstructGameplayTagTree: ImportINI prefixes -  0.000 s
[2018.12.29-15.40.43:340][  0]LogStats: UGameplayTagsManager::ConstructGameplayTagTree: Construct from data asset -  0.000 s
[2018.12.29-15.40.43:341][  0]LogStats: UGameplayTagsManager::ConstructGameplayTagTree: ImportINI -  0.000 s
[2018.12.29-15.40.43:341][  0]LogStats: UGameplayTagsManager::ConstructGameplayTagTree: GameplayTagTreeChangedEvent.Broadcast -  0.000 s
[2018.12.29-15.40.43:555][  0]LogInit: Initializing FReadOnlyCVARCache
[2018.12.29-15.40.43:568][  0]LogAIModule: Creating AISystem for world Untitled
[2018.12.29-15.40.43:574][  0]LogInit: XAudio2 using 'Speakers (Realtek High Definition Audio(SST))' : 2 channels at 48 kHz using 32 bits per sample (channel mask 0x3)
[2018.12.29-15.40.43:593][  0]LogInit: FAudioDevice initialized.
[2018.12.29-15.40.43:594][  0]LogNetVersion: Set ProjectVersion to 1.0.0.0. Version Checksum will be recalculated on next use.
[2018.12.29-15.40.43:642][  0]LogDerivedDataCache: Saved boot cache 0.05s 71MB C:/Users/hp/AppData/Local/UnrealEngine/4.21/DerivedDataCache/Boot.ddc.
[2018.12.29-15.40.43:654][  0]LogInit: Texture streaming: Enabled
[2018.12.29-15.40.43:669][  0]LogEngineSessionManager: EngineSessionManager initialized
[2018.12.29-15.40.43:684][  0]LogInit: Transaction tracking system initialized
[2018.12.29-15.40.43:705][  0]BlueprintLog: New page: Editor Load
[2018.12.29-15.40.43:769][  0]LocalizationService: Localization service is disabled
[2018.12.29-15.40.44:219][  0]LogFileCache: Scanning file cache for directory 'C:/Users/hp/Documents/UE4/LevelDesign/LevelDesignProject/Content/' took 0.01s
[2018.12.29-15.40.44:219][  0]LogCook: Display: Max memory allowance for cook 16384mb min free memory 0mb
[2018.12.29-15.40.44:219][  0]LogCook: Display: Mobile HDR setting 1
[2018.12.29-15.40.44:219][  0]LogGameplayTags: Display: UGameplayTagsManager::DoneAddingNativeTags. DelegateIsBound: 0
[2018.12.29-15.40.44:219][  0]LogStats: UGameplayTagsManager::ConstructGameplayTagTree: ImportINI prefixes -  0.000 s
[2018.12.29-15.40.44:219][  0]LogStats: UGameplayTagsManager::ConstructGameplayTagTree: Construct from data asset -  0.000 s
[2018.12.29-15.40.44:219][  0]LogStats: UGameplayTagsManager::ConstructGameplayTagTree: ImportINI -  0.000 s
[2018.12.29-15.40.44:219][  0]LogStats: UGameplayTagsManager::ConstructGameplayTagTree: GameplayTagTreeChangedEvent.Broadcast -  0.000 s
[2018.12.29-15.40.44:338][  0]SourceControl: Source control is disabled
[2018.12.29-15.40.44:338][  0]Cmd: MAP LOAD FILE="../../../../../../Users/hp/Documents/UE4/LevelDesign/LevelDesignProject/Content/StarterContent/Maps/Minimal_Default.umap" TEMPLATE=0 SHOWPROGRESS=1 FEATURELEVEL=3
[2018.12.29-15.40.44:338][  0]LightingResults: New page: Lighting Build
[2018.12.29-15.40.44:341][  0]MapCheck: New page: Map Check
[2018.12.29-15.40.44:341][  0]LightingResults: New page: Lighting Build
[2018.12.29-15.40.44:616][  0]LogAIModule: Creating AISystem for world Minimal_Default
[2018.12.29-15.40.44:624][  0]LogEditorServer: Finished looking for orphan Actors (0.000 secs)
[2018.12.29-15.40.44:650][  0]Cmd: MAP CHECKDEP NOCLEARLOG
[2018.12.29-15.40.44:650][  0]MapCheck: Map check complete: 0 Error(s), 0 Warning(s), took 0.238ms to complete.
[2018.12.29-15.40.44:650][  0]LogFileHelpers: Loading map 'Minimal_Default' took 0.311
[2018.12.29-15.40.44:748][  0]LogSlate: Updating window title bar state: overlay mode, drag disabled, window buttons hidden, title bar hidden
[2018.12.29-15.40.44:755][  0]LogSlate: Updating window title bar state: overlay mode, drag disabled, window buttons hidden, title bar hidden
[2018.12.29-15.40.44:761][  0]LogSlate: Updating window title bar state: overlay mode, drag disabled, window buttons hidden, title bar hidden
[2018.12.29-15.40.44:770][  0]LogSlate: Updating window title bar state: overlay mode, drag disabled, window buttons hidden, title bar hidden
[2018.12.29-15.40.44:775][  0]LogCollectionManager: Loaded 0 collections in 0.001481 seconds
[2018.12.29-15.40.44:791][  0]LogFileCache: Scanning file cache for directory 'C:/Users/hp/Documents/UE4/LevelDesign/LevelDesignProject/Saved/Collections/' took 0.01s
[2018.12.29-15.40.44:791][  0]LogFileCache: Scanning file cache for directory 'C:/Users/hp/Documents/UE4/LevelDesign/LevelDesignProject/Content/Developers/hp/Collections/' took 0.00s
[2018.12.29-15.40.44:791][  0]LogFileCache: Scanning file cache for directory 'C:/Users/hp/Documents/UE4/LevelDesign/LevelDesignProject/Content/Collections/' took 0.00s
[2018.12.29-15.40.44:791][  0]LogCollectionManager: Rebuilt the GUID cache for 0 collections in 0.000001 seconds
[2018.12.29-15.40.44:797][  0]LogContentBrowser: Native class hierarchy populated in 0.0071 seconds. Added 2651 classes and 620 folders.
[2018.12.29-15.40.44:804][  0]LogContentBrowser: Native class hierarchy updated for 'WidgetCarousel' in 0.0002 seconds. Added 0 classes and 0 folders.
[2018.12.29-15.40.44:805][  0]LogPakFile: Registered encryption key '00000000000000000000000000000000': 0 pak files mounted, 0 remain pending
[2018.12.29-15.40.44:805][  0]LogPakFile: Registered encryption key '00000000000000000000000000000000': 0 pak files mounted, 0 remain pending
[2018.12.29-15.40.44:806][  0]LogPakFile: Registered encryption key '00000000000000000000000000000000': 0 pak files mounted, 0 remain pending
[2018.12.29-15.40.44:806][  0]LogPakFile: Registered encryption key '00000000000000000000000000000000': 0 pak files mounted, 0 remain pending
[2018.12.29-15.40.44:806][  0]LogPakFile: Registered encryption key '00000000000000000000000000000000': 0 pak files mounted, 0 remain pending
[2018.12.29-15.40.44:807][  0]LogPakFile: Registered encryption key '00000000000000000000000000000000': 0 pak files mounted, 0 remain pending
[2018.12.29-15.40.44:807][  0]LogPakFile: Registered encryption key '00000000000000000000000000000000': 0 pak files mounted, 0 remain pending
[2018.12.29-15.40.44:807][  0]LogPakFile: Registered encryption key '00000000000000000000000000000000': 0 pak files mounted, 0 remain pending
[2018.12.29-15.40.44:808][  0]LogPakFile: Registered encryption key '00000000000000000000000000000000': 0 pak files mounted, 0 remain pending
[2018.12.29-15.40.44:808][  0]LogPakFile: Registered encryption key '00000000000000000000000000000000': 0 pak files mounted, 0 remain pending
[2018.12.29-15.40.44:808][  0]LogPakFile: Registered encryption key '00000000000000000000000000000000': 0 pak files mounted, 0 remain pending
[2018.12.29-15.40.44:809][  0]LogPakFile: Registered encryption key '00000000000000000000000000000000': 0 pak files mounted, 0 remain pending
[2018.12.29-15.40.44:809][  0]LogPakFile: Registered encryption key '00000000000000000000000000000000': 0 pak files mounted, 0 remain pending
[2018.12.29-15.40.44:810][  0]LogPakFile: Registered encryption key '00000000000000000000000000000000': 0 pak files mounted, 0 remain pending
[2018.12.29-15.40.44:810][  0]LogPakFile: Registered encryption key '00000000000000000000000000000000': 0 pak files mounted, 0 remain pending
[2018.12.29-15.40.44:810][  0]LogPakFile: Registered encryption key '00000000000000000000000000000000': 0 pak files mounted, 0 remain pending
[2018.12.29-15.40.44:811][  0]LogPakFile: Registered encryption key '00000000000000000000000000000000': 0 pak files mounted, 0 remain pending
[2018.12.29-15.40.44:811][  0]LogPakFile: Registered encryption key '00000000000000000000000000000000': 0 pak files mounted, 0 remain pending
[2018.12.29-15.40.44:811][  0]LogPakFile: Registered encryption key '00000000000000000000000000000000': 0 pak files mounted, 0 remain pending
[2018.12.29-15.40.44:812][  0]LogPakFile: Registered encryption key '00000000000000000000000000000000': 0 pak files mounted, 0 remain pending
[2018.12.29-15.40.44:812][  0]LogPakFile: Registered encryption key '00000000000000000000000000000000': 0 pak files mounted, 0 remain pending
[2018.12.29-15.40.44:813][  0]LogPakFile: Registered encryption key '00000000000000000000000000000000': 0 pak files mounted, 0 remain pending
[2018.12.29-15.40.44:813][  0]LogPakFile: Registered encryption key '00000000000000000000000000000000': 0 pak files mounted, 0 remain pending
[2018.12.29-15.40.44:814][  0]LogPakFile: Registered encryption key '00000000000000000000000000000000': 0 pak files mounted, 0 remain pending
[2018.12.29-15.40.44:814][  0]LogPakFile: Registered encryption key '00000000000000000000000000000000': 0 pak files mounted, 0 remain pending
[2018.12.29-15.40.44:815][  0]LogPakFile: Registered encryption key '00000000000000000000000000000000': 0 pak files mounted, 0 remain pending
[2018.12.29-15.40.44:842][  0]LogContentBrowser: Native class hierarchy updated for 'AddContentDialog' in 0.0003 seconds. Added 0 classes and 0 folders.
[2018.12.29-15.40.44:846][  0]LogContentBrowser: Native class hierarchy updated for 'SceneOutliner' in 0.0002 seconds. Added 1 classes and 2 folders.
[2018.12.29-15.40.44:859][  0]LogSlate: Took 0.000171 seconds to synchronously load lazily loaded font '../../../Engine/Content/Slate/Fonts/Roboto-Regular.ttf' (155K)
[2018.12.29-15.40.44:862][  0]LogSlate: Took 0.000244 seconds to synchronously load lazily loaded font '../../../Engine/Content/Slate/Fonts/Roboto-Bold.ttf' (160K)
[2018.12.29-15.40.44:872][  0]LogSlate: Took 0.000209 seconds to synchronously load lazily loaded font '../../../Engine/Content/Editor/Slate/Fonts/FontAwesome.ttf' (139K)
[2018.12.29-15.40.44:946][  0]LogRenderer: Reallocating scene render targets to support 804x340 Format 10 NumSamples 1 (Frame:1).
[2018.12.29-15.40.45:848][  0]LogContentBrowser: Native class hierarchy updated for 'HierarchicalLODOutliner' in 0.0002 seconds. Added 0 classes and 0 folders.
[2018.12.29-15.40.45:848][  0]LogLoad: (Engine Initialization) Total time: 8.63 seconds
[2018.12.29-15.40.45:848][  0]LogLoad: (Engine Initialization) Total Blueprint compile time: 0.00 seconds
[2018.12.29-15.40.45:871][  0]LogWindowsTextInputMethodSystem: Display: IME system now deactivated.
[2018.12.29-15.40.45:922][  0]LogContentStreaming: Texture pool size now 1000 MB
[2018.12.29-15.40.45:937][  0]LogSlate: Took 0.000178 seconds to synchronously load lazily loaded font '../../../Engine/Content/Slate/Fonts/Roboto-Light.ttf' (167K)
[2018.12.29-15.40.45:954][  1]LogAssetRegistry: Asset discovery search completed in 5.2068 seconds
[2018.12.29-15.40.45:956][  1]LogCollectionManager: Rebuilt the object cache for 0 collections in 0.000000 seconds (found 0 objects)
[2018.12.29-15.40.45:956][  1]LogCollectionManager: Fixed up redirectors for 0 collections in 0.000048 seconds (updated 0 objects)
[2018.12.29-15.42.21:497][655]LogSlate: FSceneViewport::OnFocusLost() reason 2
[2018.12.29-15.42.38:854][687]LogSlate: FSceneViewport::OnFocusLost() reason 2
[2018.12.29-15.42.45:475][989]LogEditorViewport: Clicking on Actor (LMB): StaticMeshActor (Chair)
[2018.12.29-15.42.48:708][ 97]Cmd: CAMERA ALIGN ACTIVEVIEWPORTONLY
[2018.12.29-15.43.15:458][326]LogEditorViewport: Clicking on Actor (LMB): BP_Sky_Sphere_C (BP_Sky_Sphere)
[2018.12.29-15.44.03:415][299]LogSlate: FSceneViewport::OnFocusLost() reason 2
[2018.12.29-15.44.32:177][299]LogSlate: Window 'New Level' being destroyed
[2018.12.29-15.44.32:184][299]LightingResults: New page: Lighting Build
[2018.12.29-15.44.32:194][299]MapCheck: New page: Map Check
[2018.12.29-15.44.32:194][299]LightingResults: New page: Lighting Build
[2018.12.29-15.44.32:216][299]LogAIModule: Creating AISystem for world Untitled
[2018.12.29-15.44.32:220][299]LoadErrors: New page: New Map
[2018.12.29-16.00.14:274][859]LogD3D11RHI: Timed out while waiting for GPU to catch up. (0.5 s)
[2018.12.29-16.00.34:366][919]LogD3D11RHI: Timed out while waiting for GPU to catch up. (0.5 s)
[2018.12.29-16.07.57:021][ 33]LogSlate: FSceneViewport::OnFocusLost() reason 0
[2018.12.29-16.08.08:920][745]Cmd: BRUSH ADD SELECTNEWBRUSH
[2018.12.29-16.08.20:707][447]LogSlate: FSceneViewport::OnFocusLost() reason 0
[2018.12.29-16.09.33:262][428]LogSlate: FSceneViewport::OnFocusLost() reason 0
[2018.12.29-16.09.56:884][490]LogSlate: FSceneViewport::OnFocusLost() reason 0
[2018.12.29-16.10.14:894][323]LogSlate: FSceneViewport::OnFocusLost() reason 0
[2018.12.29-16.10.55:249][147]LogSlate: FSceneViewport::OnFocusLost() reason 0
[2018.12.29-16.11.25:708][492]Cmd: TRANSACTION UNDO
[2018.12.29-16.11.25:708][492]LogEditorTransaction: Undo Scale Actors
[2018.12.29-16.11.25:754][492]LogSlate: Took 0.000435 seconds to synchronously load lazily loaded font '../../../Engine/Content/Slate/Fonts/Roboto-Light.ttf' (167K)
[2018.12.29-16.11.43:186][255]LogSlate: FSceneViewport::OnFocusLost() reason 0
[2018.12.29-16.12.00:828][839]LogActorFactory: Actor Factory created SM_TableRound
[2018.12.29-16.12.09:157][197]LogActorFactory: Actor Factory created SM_TableRound
[2018.12.29-16.12.38:914][394]LogSlate: FSceneViewport::OnFocusLost() reason 0
[2018.12.29-16.12.39:187][403]LogActorFactory: Actor Factory created SM_Chair
[2018.12.29-16.12.43:325][567]LogActorFactory: Actor Factory created SM_Chair
[2018.12.29-16.13.12:212][743]LogSlate: FSceneViewport::OnFocusLost() reason 2
[2018.12.29-16.13.18:846][137]LogSlate: FSceneViewport::OnFocusLost() reason 2
[2018.12.29-16.13.23:379][408]LogSlate: FSceneViewport::OnFocusLost() reason 2
[2018.12.29-16.14.02:543][616]LogSlate: FSceneViewport::OnFocusLost() reason 0
[2018.12.29-16.14.03:549][668]LogActorFactory: Actor Factory created SM_DoorFrame
[2018.12.29-16.14.05:218][734]LogActorFactory: Actor Factory created SM_DoorFrame
[2018.12.29-16.14.17:101][138]LogSlate: FSceneViewport::OnFocusLost() reason 0
[2018.12.29-16.14.35:544][745]LogActorFactory: Actor Factory created Wall_Door_400x300
[2018.12.29-16.14.38:142][853]LogActorFactory: Actor Factory created Wall_Door_400x300
[2018.12.29-16.15.57:443][ 77]LogSlate: FSceneViewport::OnFocusLost() reason 0
[2018.12.29-16.15.59:256][179]LogActorFactory: Actor Factory created Wall_400x300
[2018.12.29-16.16.01:303][266]LogActorFactory: Actor Factory created Wall_400x300
[2018.12.29-16.16.28:422][403]LogEditorViewport: Clicking on Actor (LMB): StaticMeshActor (Wall_400x300)
[2018.12.29-16.16.29:007][425]Cmd: EDIT COPY
[2018.12.29-16.16.29:722][455]Cmd: EDIT PASTE
[2018.12.29-16.16.37:184][771]Cmd: DELETE
[2018.12.29-16.16.37:184][771]Cmd: ACTOR DELETE
[2018.12.29-16.16.37:193][771]LogEditorActor: Deleted Actor: StaticMeshActor
[2018.12.29-16.16.37:237][771]LogEditorActor: Deleted 1 Actors (0.053 secs)
[2018.12.29-16.16.37:859][800]LogEditorViewport: Clicking on Actor (LMB): StaticMeshActor (Wall_400x300)
[2018.12.29-16.16.38:814][836]Cmd: DELETE
[2018.12.29-16.16.38:815][836]Cmd: ACTOR DELETE
[2018.12.29-16.16.38:819][836]LogEditorActor: Deleted Actor: StaticMeshActor
[2018.12.29-16.16.38:867][836]LogEditorActor: Deleted 1 Actors (0.052 secs)
[2018.12.29-16.16.41:370][894]LogSlate: FSceneViewport::OnFocusLost() reason 0
[2018.12.29-16.16.41:740][908]LogActorFactory: Actor Factory created Wall_Window_400x300
[2018.12.29-16.16.44:977][ 54]LogActorFactory: Actor Factory created Wall_Window_400x300
[2018.12.29-16.16.58:501][552]LogSlate: FSceneViewport::OnFocusLost() reason 0
[2018.12.29-16.17.08:563][859]LogActorFactory: Actor Factory created SM_WindowFrame
[2018.12.29-16.17.10:466][940]LogActorFactory: Actor Factory created SM_WindowFrame
[2018.12.29-16.17.52:195][649]LogSlate: FSceneViewport::OnFocusLost() reason 2
[2018.12.29-16.17.58:874][ 48]LogSlate: FSceneViewport::OnFocusLost() reason 2
[2018.12.29-16.18.04:956][410]LogSlate: FSceneViewport::OnFocusLost() reason 2
[2018.12.29-16.18.27:919][387]LogEditorViewport: Clicking on Actor (CTRL LMB): StaticMeshActor (Wall_Window_400x300)
[2018.12.29-16.18.30:232][481]Cmd: EDIT COPY
[2018.12.29-16.18.30:780][503]Cmd: EDIT PASTE
[2018.12.29-16.18.52:334][ 70]LogSlate: FSceneViewport::OnFocusLost() reason 0
[2018.12.29-16.19.10:657][724]LogSlate: FSceneViewport::OnFocusLost() reason 0
[2018.12.29-16.20.11:800][432]LogActorFactory: Actor Factory created Wall_400x300
[2018.12.29-16.20.14:171][528]LogActorFactory: Actor Factory created Wall_400x300
[2018.12.29-16.20.55:951][110]Cmd: DELETE
[2018.12.29-16.20.55:952][110]Cmd: ACTOR DELETE
[2018.12.29-16.20.55:956][110]LogEditorActor: Deleted Actor: StaticMeshActor
[2018.12.29-16.20.56:008][110]LogEditorActor: Deleted 1 Actors (0.056 secs)
[2018.12.29-16.20.57:735][148]LogSlate: FSceneViewport::OnFocusLost() reason 0
[2018.12.29-16.20.59:543][191]LogActorFactory: Actor Factory created Wall_500x500
[2018.12.29-16.21.01:260][263]LogActorFactory: Actor Factory created Wall_500x500
[2018.12.29-16.21.05:840][437]Cmd: DELETE
[2018.12.29-16.21.05:841][437]Cmd: ACTOR DELETE
[2018.12.29-16.21.05:846][437]LogEditorActor: Deleted Actor: StaticMeshActor
[2018.12.29-16.21.05:898][437]LogEditorActor: Deleted 1 Actors (0.057 secs)
[2018.12.29-16.21.07:416][474]LogSlate: FSceneViewport::OnFocusLost() reason 0
[2018.12.29-16.21.10:458][525]LogActorFactory: Actor Factory created Wall_400x400
[2018.12.29-16.21.13:569][657]LogActorFactory: Actor Factory created Wall_400x400
[2018.12.29-16.22.03:668][585]LogSlate: FSceneViewport::OnFocusLost() reason 0
[2018.12.29-16.22.05:434][628]LogActorFactory: Actor Factory created SM_AssetPlatform
[2018.12.29-16.22.07:106][690]LogActorFactory: Actor Factory created SM_AssetPlatform
[2018.12.29-16.22.20:457][206]LogSlate: FSceneViewport::OnFocusLost() reason 2
[2018.12.29-16.22.24:295][434]LogSlate: FSceneViewport::OnFocusLost() reason 2
[2018.12.29-16.22.34:579][ 44]LogSlate: FSceneViewport::OnFocusLost() reason 0
[2018.12.29-16.22.37:281][202]LogEditorViewport: Clicking on Actor (LMB): StaticMeshActor (SM_AssetPlatform)
[2018.12.29-16.22.57:076][294]LogSlate: FSceneViewport::OnFocusLost() reason 0
[2018.12.29-16.22.58:611][377]LogEditorViewport: Clicking on Actor (LMB): StaticMeshActor (SM_AssetPlatform)
[2018.12.29-16.23.04:668][728]LogSlate: FSceneViewport::OnFocusLost() reason 0
[2018.12.29-16.23.09:101][989]LogEditorViewport: Clicking on Actor (LMB): StaticMeshActor (SM_AssetPlatform)
[2018.12.29-16.23.38:170][570]LogSlate: FSceneViewport::OnFocusLost() reason 0
[2018.12.29-16.23.44:241][771]LogActorFactory: Actor Factory created SM_Lamp_Ceiling
[2018.12.29-16.23.46:436][900]LogActorFactory: Actor Factory created SM_Lamp_Ceiling
[2018.12.29-16.23.48:850][ 37]LogSlate: FSceneViewport::OnFocusLost() reason 2
[2018.12.29-16.23.55:902][456]LogSlate: FSceneViewport::OnFocusLost() reason 2
[2018.12.29-16.24.20:840][852]LogSlate: FSceneViewport::OnFocusLost() reason 0
[2018.12.29-16.24.31:273][467]LogEditorViewport: Clicking on Actor (LMB): StaticMeshActor (Wall_Window_400x300)
[2018.12.29-16.24.36:618][738]LogSlate: FSceneViewport::OnFocusLost() reason 0
[2018.12.29-16.24.37:152][764]LogActorFactory: Actor Factory created SM_Lamp_Wall
[2018.12.29-16.24.39:417][898]LogActorFactory: Actor Factory created SM_Lamp_Wall
[2018.12.29-16.24.44:727][209]LogSlate: FSceneViewport::OnFocusLost() reason 2
[2018.12.29-16.24.51:652][624]LogEditorViewport: Clicking on Actor (LMB): StaticMeshActor (Wall_Door_400x300)
[2018.12.29-16.24.57:593][973]LogEditorViewport: Clicking on Actor (LMB): StaticMeshActor (SM_Lamp_Wall)
[2018.12.29-16.25.04:243][362]LogEditorViewport: Clicking Background
[2018.12.29-16.25.04:438][372]LogSlate: FSceneViewport::OnFocusLost() reason 2
[2018.12.29-16.25.16:462][922]LogSlate: FSceneViewport::OnFocusLost() reason 0
[2018.12.29-16.25.49:210][446]LogSlate: FSceneViewport::OnFocusLost() reason 0
[2018.12.29-16.25.53:636][635]LogSlate: FSceneViewport::OnFocusLost() reason 2
[2018.12.29-16.26.19:021][685]LogEditorViewport: Clicking on Actor (LMB): StaticMeshActor (SM_Lamp_Wall)
[2018.12.29-16.26.30:755][125]LogEditorViewport: Clicking on Actor (LMB): PointLight (PointLight)
[2018.12.29-16.27.22:638][ 71]LogEditorViewport: Clicking on Actor (LMB): StaticMeshActor (SM_Lamp_Ceiling)
[2018.12.29-16.27.39:228][671]LogEditorViewport: Clicking on Actor (LMB): StaticMeshActor (SM_AssetPlatform)
[2018.12.29-16.27.42:514][747]LogSlate: FSceneViewport::OnFocusLost() reason 0
[2018.12.29-16.28.02:109][394]LogEditorViewport: Clicking on Actor (LMB): StaticMeshActor (SM_Lamp_Ceiling)
[2018.12.29-16.28.14:001][842]LogEditorViewport: Clicking on Actor (LMB): StaticMeshActor (SM_Lamp_Ceiling)
[2018.12.29-16.28.21:723][116]LogSlate: FSceneViewport::OnFocusLost() reason 0
[2018.12.29-16.28.36:272][557]LogSlate: FSceneViewport::OnFocusLost() reason 0
[2018.12.29-16.28.50:007][  5]LogEditorViewport: Clicking on Actor (LMB): StaticMeshActor (SM_Lamp_Ceiling)
[2018.12.29-16.28.59:259][313]LogEditorViewport: Clicking on Actor (LMB): PointLight (PointLight2)
[2018.12.29-16.29.06:770][563]LogEditorViewport: Clicking Background
[2018.12.29-16.29.21:599][ 52]LogSlate: FSceneViewport::OnFocusLost() reason 2
[2018.12.29-16.29.23:418][157]MapCheck: New page: Map Check
[2018.12.29-16.29.23:430][157]LogSlate: FSceneViewport::OnFocusLost() reason 2
[2018.12.29-16.29.23:434][157]Cmd: MAP REBUILD ALLVISIBLE
[2018.12.29-16.29.23:435][157]LogEditorServer: Rebuildmap Clear paths rebuilt
[2018.12.29-16.29.23:465][157]LightingResults: New page: Lighting Build - Dec 29, 2018, 4:29:23 AM
[2018.12.29-16.29.23:520][157]LogSwarmInterface: [OpenConnection] Registering TCP channel ...
[2018.12.29-16.29.23:654][157]LogSwarmInterface: [OpenConnection] Connecting to agent ...
[2018.12.29-16.29.23:669][157]LogSwarmInterface: [TryOpenConnection] Testing the Agent
[2018.12.29-16.29.24:187][157]LogSwarmInterface: [TryOpenConnection] Opening Connection to Agent
[2018.12.29-16.29.24:187][157]LogSwarmInterface: [TryOpenConnection] Local Process ID is 9992
[2018.12.29-16.29.27:099][157]LogStaticLightingSystem: Running Lightmass w/ ImmediateImport mode ENABLED
[2018.12.29-16.29.27:099][157]LogStaticLightingSystem: Running Lightmass w/ ImmediateProcess mode ENABLED
[2018.12.29-16.29.27:099][157]LogStaticLightingSystem: Running Lightmass w/ Sorting mode ENABLED
[2018.12.29-16.29.27:100][157]LogStaticLightingSystem: Running Lightmass w/ Mapping paddings ENABLED
[2018.12.29-16.29.27:100][157]LogStaticLightingSystem: Running Lightmass w/ Mapping debug paddings DISABLED
[2018.12.29-16.29.27:386][157]LogEditorBuildUtils: Build time 0:03
[2018.12.29-16.29.27:399][157]LogMaterial: Display: Missing cached shader map for material FLightmassMaterialRenderer M_TableRound, compiling. 
[2018.12.29-16.29.27:417][157]LogShaderCompilers: Display: Shaders left to compile 2
[2018.12.29-16.29.27:417][157]LogMaterial: Display: Missing cached shader map for material FLightmassMaterialRenderer M_TableRound, compiling. 
[2018.12.29-16.29.27:445][158]LogShaderCompilers: Display: Shaders left to compile 2
[2018.12.29-16.29.27:445][158]LogMaterial: Display: Missing cached shader map for material FLightmassMaterialRenderer M_Chair, compiling. 
[2018.12.29-16.29.27:458][158]LogShaderCompilers: Display: Shaders left to compile 2
[2018.12.29-16.29.27:458][158]LogMaterial: Display: Missing cached shader map for material FLightmassMaterialRenderer M_Chair, compiling. 
[2018.12.29-16.29.27:484][159]LogShaderCompilers: Display: Shaders left to compile 2
[2018.12.29-16.29.27:498][159]LogMaterial: Display: Missing cached shader map for material FLightmassMaterialRenderer M_Frame, compiling. 
[2018.12.29-16.29.27:514][159]LogMaterial: Display: Missing cached shader map for material FLightmassMaterialRenderer M_Frame, compiling. 
[2018.12.29-16.29.27:616][160]LogMaterial: Display: Missing cached shader map for material FLightmassMaterialRenderer M_Basic_Wall, compiling. 
[2018.12.29-16.29.27:629][160]LogMaterial: Display: Missing cached shader map for material FLightmassMaterialRenderer M_Basic_Wall, compiling. 
[2018.12.29-16.29.27:661][161]LogMaterial: Display: Missing cached shader map for material FLightmassMaterialRenderer M_AssetPlatform, compiling. 
[2018.12.29-16.29.27:671][161]LogMaterial: Display: Missing cached shader map for material FLightmassMaterialRenderer M_AssetPlatform, compiling. 
[2018.12.29-16.29.27:695][162]LogMaterial: Display: Missing cached shader map for material FLightmassMaterialRenderer M_Lamp, compiling. 
[2018.12.29-16.29.27:708][162]LogMaterial: Display: Missing cached shader map for material FLightmassMaterialRenderer M_Lamp, compiling. 
[2018.12.29-16.29.27:730][163]LogMaterial: Display: Missing cached shader map for material FLightmassMaterialRenderer WorldGridMaterial, compiling. Is special engine material.
[2018.12.29-16.29.27:743][163]LogMaterial: Display: Missing cached shader map for material FLightmassMaterialRenderer WorldGridMaterial, compiling. Is special engine material.
[2018.12.29-16.29.30:583][164]LogShaderCompilers: Display: Shaders left to compile 20
[2018.12.29-16.29.30:583][164]LogShaderCompilers: Display: Shaders left to compile 10
[2018.12.29-16.29.43:837][356]Job is a success!
[2018.12.29-16.29.44:074][357]LogSlate: FSceneViewport::OnFocusLost() reason 2
[2018.12.29-16.29.44:212][357]LogVolumetricLightmapImport: Imported Volumetric Lightmap in 0.020s
[2018.12.29-16.29.44:212][357]LogVolumetricLightmapImport:      Indirection Texture 16x16x16 = 0.0Mb
[2018.12.29-16.29.44:212][357]LogVolumetricLightmapImport:      BrickData 15x5x5 = 0.0Mb
[2018.12.29-16.29.44:212][357]LogVolumetricLightmapImport:      Bricks at Level
[2018.12.29-16.29.44:212][357]LogVolumetricLightmapImport:          0: 33.3% covering 100.0% of volume
[2018.12.29-16.29.44:212][357]LogVolumetricLightmapImport:          1: 33.3% covering 1.6% of volume
[2018.12.29-16.29.44:212][357]LogVolumetricLightmapImport:          2: 33.3% covering 0.0% of volume
[2018.12.29-16.29.44:957][357]LogTexture: Display: Building textures: HQ_Lightmap0_1 (AutoDXT, 1024X1024)
[2018.12.29-16.29.44:957][357]LogTexture: Display: Building textures: LQ_Lightmap_0_1 (DXT1, 1024X1024)
[2018.12.29-16.29.44:957][357]LogTexture: Display: Building textures: HQ_Lightmap0_2 (AutoDXT, 256X256)
[2018.12.29-16.29.44:957][357]LogTexture: Display: Building textures: LQ_Lightmap_0_2 (DXT1, 256X256)
[2018.12.29-16.29.45:162][357]LogTexture: Display: Building textures: ShadowMapTexture2D_1 (BGRA8, 32X128)
[2018.12.29-16.29.45:162][357]LogTexture: Display: Building textures: ShadowMapTexture2D_0 (BGRA8, 1024X512)
[2018.12.29-16.29.45:204][357]Lightmass on DESKTOP-EUOMKO1: 9.54 sec total, 1.10 sec importing, 600 ms setup, 1.02 sec photons, 6.75 sec processing, 0 ms extra exporting [18/18 mappings]. Threads: 47.1 sec total, 25.6 sec processing.
[2018.12.29-16.29.45:264][357]LogStaticLightingSystem: Illumination: 21.6 sec (650 ms encoding lightmaps, 200 ms encoding shadowmaps)
[2018.12.29-16.29.45:264][357]LogStaticLightingSystem: Lightmap texture memory:  2.1 MB (2.0 MB streaming, 0.1 MB non-streaming), 4 textures
[2018.12.29-16.29.45:264][357]LogStaticLightingSystem: Shadowmap texture memory: 2.7 MB (2.7 MB streaming, 0.0 MB non-streaming), 2 textures
[2018.12.29-16.29.46:116][357]DumpUnbuiltLightIteractions
[2018.12.29-16.29.46:117][357]Lights with unbuilt interactions: 0
[2018.12.29-16.29.46:117][357]
[2018.12.29-16.29.46:117][357]Primitives with unbuilt interactions: 0
[2018.12.29-16.29.46:129][357]LogSlate: FSceneViewport::OnFocusLost() reason 2
[2018.12.29-16.29.46:163][358]Cmd: MAP CHECK NOTIFYRESULTS
[2018.12.29-16.29.46:164][358]MapCheck: New page: Untitled_1 - Dec 29, 2018, 4:29:46 AM
[2018.12.29-16.29.46:169][358]MapCheck: Map check complete: 0 Error(s), 0 Warning(s), took 5.088ms to complete.
[2018.12.29-16.29.50:519][434]LogSlate: FSceneViewport::OnFocusLost() reason 2
[2018.12.29-16.29.50:686][434]LogSavePackage: Moving '../../../../../../Users/hp/Documents/UE4/LevelDesign/LevelDesignProject/Saved/Untitled_1_Auto1D4D7E6EF41C3D8A2CFD02DAF73C14030.tmp' to '../../../../../../Users/hp/Documents/UE4/LevelDesign/LevelDesignProject/Saved/Autosaves/Temp/Untitled_1_Auto1.umap'
[2018.12.29-16.29.50:699][434]LogFileHelpers: Editor autosave (incl. sublevels) for '/Temp/Untitled_1' took 0.127
[2018.12.29-16.29.50:699][434]LogFileHelpers: Editor autosave (incl. sublevels) for all levels took 0.127
[2018.12.29-16.30.11:744][408]LogEditorViewport: Clicking on Actor (LMB): PointLight (PointLight2)
[2018.12.29-16.30.14:433][517]LogSlate: FSceneViewport::OnFocusLost() reason 2
[2018.12.29-16.30.31:745][275]LogEditorViewport: Clicking on Actor (LMB): PointLight (PointLight)
[2018.12.29-16.30.38:980][513]LogSlate: FSceneViewport::OnFocusLost() reason 2
[2018.12.29-16.30.40:310][592]MapCheck: New page: Map Check
[2018.12.29-16.30.40:323][592]LogSlate: FSceneViewport::OnFocusLost() reason 2
[2018.12.29-16.30.40:327][592]Cmd: MAP REBUILD ALLVISIBLE
[2018.12.29-16.30.40:328][592]LogEditorServer: Rebuildmap Clear paths rebuilt
[2018.12.29-16.30.40:348][592]LightingResults: New page: Lighting Build - Dec 29, 2018, 4:30:40 AM
[2018.12.29-16.30.40:359][592]LogSwarmInterface: [OpenConnection] Registering TCP channel ...
[2018.12.29-16.30.40:362][592]LogSwarmInterface: [OpenConnection] Connecting to agent ...
[2018.12.29-16.30.40:362][592]LogSwarmInterface: [TryOpenConnection] Testing the Agent
[2018.12.29-16.30.40:363][592]LogSwarmInterface: [TryOpenConnection] Opening Connection to Agent
[2018.12.29-16.30.40:363][592]LogSwarmInterface: [TryOpenConnection] Local Process ID is 9992
[2018.12.29-16.30.44:914][592]LogStaticLightingSystem: Running Lightmass w/ ImmediateImport mode ENABLED
[2018.12.29-16.30.44:914][592]LogStaticLightingSystem: Running Lightmass w/ ImmediateProcess mode ENABLED
[2018.12.29-16.30.44:914][592]LogStaticLightingSystem: Running Lightmass w/ Sorting mode ENABLED
[2018.12.29-16.30.44:914][592]LogStaticLightingSystem: Running Lightmass w/ Mapping paddings ENABLED
[2018.12.29-16.30.44:914][592]LogStaticLightingSystem: Running Lightmass w/ Mapping debug paddings DISABLED
[2018.12.29-16.30.44:979][592]LogEditorBuildUtils: Build time 0:04
[2018.12.29-16.30.50:737][779]Job is a success!
[2018.12.29-16.30.50:841][781]LogSlate: FSceneViewport::OnFocusLost() reason 2
[2018.12.29-16.30.50:924][781]LogVolumetricLightmapImport: Imported Volumetric Lightmap in 0.016s
[2018.12.29-16.30.50:924][781]LogVolumetricLightmapImport:      Indirection Texture 16x16x16 = 0.0Mb
[2018.12.29-16.30.50:924][781]LogVolumetricLightmapImport:      BrickData 15x5x5 = 0.0Mb
[2018.12.29-16.30.50:924][781]LogVolumetricLightmapImport:      Bricks at Level
[2018.12.29-16.30.50:924][781]LogVolumetricLightmapImport:          0: 33.3% covering 100.0% of volume
[2018.12.29-16.30.50:924][781]LogVolumetricLightmapImport:          1: 33.3% covering 1.6% of volume
[2018.12.29-16.30.50:924][781]LogVolumetricLightmapImport:          2: 33.3% covering 0.0% of volume
[2018.12.29-16.30.51:657][781]LogTexture: Display: Building textures: HQ_Lightmap1_1 (AutoDXT, 1024X1024)
[2018.12.29-16.30.51:658][781]LogTexture: Display: Building textures: LQ_Lightmap_1_1 (DXT1, 1024X1024)
[2018.12.29-16.30.51:658][781]LogTexture: Display: Building textures: HQ_Lightmap1_2 (AutoDXT, 256X256)
[2018.12.29-16.30.51:658][781]LogTexture: Display: Building textures: LQ_Lightmap_1_2 (DXT1, 256X256)
[2018.12.29-16.30.51:857][781]LogTexture: Display: Building textures: ShadowMapTexture2D_3 (BGRA8, 32X128)
[2018.12.29-16.30.51:857][781]LogTexture: Display: Building textures: ShadowMapTexture2D_2 (BGRA8, 1024X512)
[2018.12.29-16.30.51:903][781]Lightmass on DESKTOP-EUOMKO1: 6.39 sec total, 144 ms importing, 32 ms setup, 628 ms photons, 5.57 sec processing, 0 ms extra exporting [18/18 mappings]. Threads: 38.8 sec total, 18.8 sec processing.
[2018.12.29-16.30.51:913][781]LogStaticLightingSystem: Illumination: 11.5 sec (652 ms encoding lightmaps, 192 ms encoding shadowmaps)
[2018.12.29-16.30.51:913][781]LogStaticLightingSystem: Lightmap texture memory:  2.1 MB (2.0 MB streaming, 0.1 MB non-streaming), 4 textures
[2018.12.29-16.30.51:913][781]LogStaticLightingSystem: Shadowmap texture memory: 2.7 MB (2.7 MB streaming, 0.0 MB non-streaming), 2 textures
[2018.12.29-16.30.51:920][781]DumpUnbuiltLightIteractions
[2018.12.29-16.30.51:920][781]Lights with unbuilt interactions: 0
[2018.12.29-16.30.51:920][781]
[2018.12.29-16.30.51:920][781]Primitives with unbuilt interactions: 0
[2018.12.29-16.30.51:925][781]LogSlate: FSceneViewport::OnFocusLost() reason 2
[2018.12.29-16.30.51:939][782]Cmd: MAP CHECK NOTIFYRESULTS
[2018.12.29-16.30.51:939][782]MapCheck: New page: Untitled_1 - Dec 29, 2018, 4:30:51 AM
[2018.12.29-16.30.51:940][782]MapCheck: Map check complete: 0 Error(s), 0 Warning(s), took 1.099ms to complete.
[2018.12.29-16.38.45:892][130]LogEditorViewport: Clicking on Actor (LMB): DirectionalLight (DirectionalLight)
[2018.12.29-16.39.13:163][356]LogSlate: FSceneViewport::OnFocusLost() reason 0
[2018.12.29-16.39.54:738][119]Cmd: TRANSACTION UNDO
[2018.12.29-16.39.54:738][119]LogEditorTransaction: Undo Rotate Actors
[2018.12.29-16.40.20:295][234]LogSlate: FSceneViewport::OnFocusLost() reason 2
[2018.12.29-16.40.20:466][234]LogSavePackage: Moving '../../../../../../Users/hp/Documents/UE4/LevelDesign/LevelDesignProject/Saved/Untitled_1_Auto2A88F064B40DBC383909B56958C3F3250.tmp' to '../../../../../../Users/hp/Documents/UE4/LevelDesign/LevelDesignProject/Saved/Autosaves/Temp/Untitled_1_Auto2.umap'
[2018.12.29-16.40.20:472][234]LogFileHelpers: Editor autosave (incl. sublevels) for '/Temp/Untitled_1' took 0.118
[2018.12.29-16.40.20:472][234]LogFileHelpers: Editor autosave (incl. sublevels) for all levels took 0.118
[2018.12.29-16.40.31:973][613]LogEditorViewport: Clicking on Actor (LMB): StaticMeshActor (Wall_Door_400x300)
[2018.12.29-16.40.57:776][441]LogSlate: FSceneViewport::OnFocusLost() reason 2
[2018.12.29-16.41.23:573][334]LogEditorViewport: Clicking on Actor (LMB): StaticMeshActor (Wall_Window_400x300)
[2018.12.29-16.41.28:948][496]LogSlate: FSceneViewport::OnFocusLost() reason 2
[2018.12.29-16.41.37:609][810]LogEditorViewport: Clicking on Actor (LMB): PointLight (PointLight)
[2018.12.29-16.41.40:221][904]LogSlate: FSceneViewport::OnFocusLost() reason 2
[2018.12.29-16.41.48:593][309]LogSlate: Window 'Color Picker' being destroyed
[2018.12.29-16.41.51:862][409]LogSlate: FSceneViewport::OnFocusLost() reason 2
[2018.12.29-16.41.54:167][544]MapCheck: New page: Map Check
[2018.12.29-16.41.54:179][544]LogSlate: FSceneViewport::OnFocusLost() reason 2
[2018.12.29-16.41.54:183][544]Cmd: MAP REBUILD ALLVISIBLE
[2018.12.29-16.41.54:183][544]LogEditorServer: Rebuildmap Clear paths rebuilt
[2018.12.29-16.41.54:201][544]LightingResults: New page: Lighting Build - Dec 29, 2018, 4:41:54 AM
[2018.12.29-16.41.54:213][544]LogSwarmInterface: [OpenConnection] Registering TCP channel ...
[2018.12.29-16.41.54:216][544]LogSwarmInterface: [OpenConnection] Connecting to agent ...
[2018.12.29-16.41.54:216][544]LogSwarmInterface: [TryOpenConnection] Testing the Agent
[2018.12.29-16.41.54:217][544]LogSwarmInterface: [TryOpenConnection] Opening Connection to Agent
[2018.12.29-16.41.54:217][544]LogSwarmInterface: [TryOpenConnection] Local Process ID is 9992
[2018.12.29-16.41.58:738][544]LogStaticLightingSystem: Running Lightmass w/ ImmediateImport mode ENABLED
[2018.12.29-16.41.58:738][544]LogStaticLightingSystem: Running Lightmass w/ ImmediateProcess mode ENABLED
[2018.12.29-16.41.58:738][544]LogStaticLightingSystem: Running Lightmass w/ Sorting mode ENABLED
[2018.12.29-16.41.58:738][544]LogStaticLightingSystem: Running Lightmass w/ Mapping paddings ENABLED
[2018.12.29-16.41.58:738][544]LogStaticLightingSystem: Running Lightmass w/ Mapping debug paddings DISABLED
[2018.12.29-16.41.58:873][544]LogEditorBuildUtils: Build time 0:04
[2018.12.29-16.41.58:882][544]LogMaterial: Display: Missing cached shader map for material FLightmassMaterialRenderer M_Brick_Clay_New, compiling. 
[2018.12.29-16.41.58:889][544]LogMaterial: Display: Missing cached shader map for material FLightmassMaterialRenderer M_Brick_Clay_New, compiling. 
[2018.12.29-16.41.58:900][545]LogShaderCompilers: Display: Shaders left to compile 4
[2018.12.29-16.42.11:249][917]Job is a success!
[2018.12.29-16.42.11:339][918]LogSlate: FSceneViewport::OnFocusLost() reason 2
[2018.12.29-16.42.11:407][918]LogVolumetricLightmapImport: Imported Volumetric Lightmap in 0.017s
[2018.12.29-16.42.11:407][918]LogVolumetricLightmapImport:      Indirection Texture 16x16x16 = 0.0Mb
[2018.12.29-16.42.11:407][918]LogVolumetricLightmapImport:      BrickData 15x5x5 = 0.0Mb
[2018.12.29-16.42.11:408][918]LogVolumetricLightmapImport:      Bricks at Level
[2018.12.29-16.42.11:408][918]LogVolumetricLightmapImport:          0: 33.3% covering 100.0% of volume
[2018.12.29-16.42.11:408][918]LogVolumetricLightmapImport:          1: 33.3% covering 1.6% of volume
[2018.12.29-16.42.11:408][918]LogVolumetricLightmapImport:          2: 33.3% covering 0.0% of volume
[2018.12.29-16.42.12:185][918]LogTexture: Display: Building textures: HQ_Lightmap0_1 (AutoDXT, 1024X1024)
[2018.12.29-16.42.12:185][918]LogTexture: Display: Building textures: LQ_Lightmap_0_1 (DXT1, 1024X1024)
[2018.12.29-16.42.12:185][918]LogTexture: Display: Building textures: HQ_Lightmap0_2 (AutoDXT, 256X256)
[2018.12.29-16.42.12:185][918]LogTexture: Display: Building textures: LQ_Lightmap_0_2 (DXT1, 256X256)
[2018.12.29-16.42.12:391][918]LogTexture: Display: Building textures: ShadowMapTexture2D_5 (BGRA8, 32X128)
[2018.12.29-16.42.12:391][918]LogTexture: Display: Building textures: ShadowMapTexture2D_4 (BGRA8, 1024X512)
[2018.12.29-16.42.12:443][918]Lightmass on DESKTOP-EUOMKO1: 9.69 sec total, 995 ms importing, 283 ms setup, 1.10 sec photons, 7.28 sec processing, 0 ms extra exporting [18/18 mappings]. Threads: 50.7 sec total, 29.1 sec processing.
[2018.12.29-16.42.12:455][918]LogStaticLightingSystem: Illumination: 18.1 sec (692 ms encoding lightmaps, 201 ms encoding shadowmaps)
[2018.12.29-16.42.12:455][918]LogStaticLightingSystem: Lightmap texture memory:  2.1 MB (2.0 MB streaming, 0.1 MB non-streaming), 4 textures
[2018.12.29-16.42.12:455][918]LogStaticLightingSystem: Shadowmap texture memory: 2.7 MB (2.7 MB streaming, 0.0 MB non-streaming), 2 textures
[2018.12.29-16.42.12:753][918]DumpUnbuiltLightIteractions
[2018.12.29-16.42.12:753][918]Lights with unbuilt interactions: 0
[2018.12.29-16.42.12:753][918]
[2018.12.29-16.42.12:753][918]Primitives with unbuilt interactions: 0
[2018.12.29-16.42.12:765][918]LogSlate: FSceneViewport::OnFocusLost() reason 2
[2018.12.29-16.42.12:793][919]Cmd: MAP CHECK NOTIFYRESULTS
[2018.12.29-16.42.12:794][919]MapCheck: New page: Untitled_1 - Dec 29, 2018, 4:42:12 AM
[2018.12.29-16.42.12:794][919]MapCheck: Map check complete: 0 Error(s), 0 Warning(s), took 0.844ms to complete.
